mode: set
github.com/the-financial-workspace/backend/main.go:24.13,26.40 1 0
github.com/the-financial-workspace/backend/main.go:26.40,28.3 1 0
github.com/the-financial-workspace/backend/main.go:31.2,32.16 2 0
github.com/the-financial-workspace/backend/main.go:32.16,34.3 1 0
github.com/the-financial-workspace/backend/main.go:37.2,42.39 3 0
github.com/the-financial-workspace/backend/main.go:42.39,44.3 1 0
github.com/the-financial-workspace/backend/main.go:45.2,65.53 10 0
github.com/the-financial-workspace/backend/main.go:65.53,67.39 2 0
github.com/the-financial-workspace/backend/main.go:67.39,69.5 1 0
github.com/the-financial-workspace/backend/main.go:70.4,71.19 2 0
github.com/the-financial-workspace/backend/main.go:71.19,75.5 2 0
github.com/the-financial-workspace/backend/main.go:76.4,76.55 1 0
github.com/the-financial-workspace/backend/main.go:83.2,95.35 6 0
github.com/the-financial-workspace/backend/main.go:95.35,104.3 7 0
github.com/the-financial-workspace/backend/main.go:107.2,107.46 1 0
github.com/the-financial-workspace/backend/main.go:107.46,112.3 1 0
github.com/the-financial-workspace/backend/main.go:115.2,121.12 4 0
github.com/the-financial-workspace/backend/main.go:121.12,124.40 3 0
github.com/the-financial-workspace/backend/main.go:124.40,126.4 1 0
github.com/the-financial-workspace/backend/main.go:130.2,132.41 3 0
github.com/the-financial-workspace/backend/main.go:132.41,134.3 1 0
github.com/the-financial-workspace/backend/internal/routes/routes.go:11.28,72.2 33 0
github.com/the-financial-workspace/backend/internal/config/config.go:22.30,24.23 2 1
github.com/the-financial-workspace/backend/internal/config/config.go:24.23,26.3 1 1
github.com/the-financial-workspace/backend/internal/config/config.go:28.2,29.34 2 1
github.com/the-financial-workspace/backend/internal/config/config.go:29.34,32.3 1 1
github.com/the-financial-workspace/backend/internal/config/config.go:33.2,33.34 1 1
github.com/the-financial-workspace/backend/internal/config/config.go:33.34,35.3 1 1
github.com/the-financial-workspace/backend/internal/config/config.go:37.2,38.21 2 1
github.com/the-financial-workspace/backend/internal/config/config.go:38.21,40.3 1 1
github.com/the-financial-workspace/backend/internal/config/config.go:41.2,41.25 1 1
github.com/the-financial-workspace/backend/internal/config/config.go:41.25,43.3 1 1
github.com/the-financial-workspace/backend/internal/config/config.go:45.2,46.26 2 1
github.com/the-financial-workspace/backend/internal/config/config.go:46.26,48.3 1 1
github.com/the-financial-workspace/backend/internal/config/config.go:50.2,51.30 2 1
github.com/the-financial-workspace/backend/internal/config/config.go:51.30,53.3 1 1
github.com/the-financial-workspace/backend/internal/config/config.go:55.2,56.23 2 1
github.com/the-financial-workspace/backend/internal/config/config.go:56.23,58.3 1 1
github.com/the-financial-workspace/backend/internal/config/config.go:60.2,61.37 2 1
github.com/the-financial-workspace/backend/internal/config/config.go:61.37,63.17 2 1
github.com/the-financial-workspace/backend/internal/config/config.go:63.17,65.4 1 1
github.com/the-financial-workspace/backend/internal/config/config.go:66.3,66.16 1 1
github.com/the-financial-workspace/backend/internal/config/config.go:68.2,68.30 1 1
github.com/the-financial-workspace/backend/internal/config/config.go:68.30,70.3 1 1
github.com/the-financial-workspace/backend/internal/config/config.go:72.2,73.22 2 1
github.com/the-financial-workspace/backend/internal/config/config.go:73.22,75.3 1 1
github.com/the-financial-workspace/backend/internal/config/config.go:77.2,86.8 1 1
github.com/the-financial-workspace/backend/internal/database/database.go:32.26,34.3 1 1
github.com/the-financial-workspace/backend/internal/database/database.go:38.29,42.2 3 1
github.com/the-financial-workspace/backend/internal/database/database.go:45.32,47.24 1 1
github.com/the-financial-workspace/backend/internal/database/database.go:47.24,49.3 1 1
github.com/the-financial-workspace/backend/internal/database/database.go:57.48,79.2 2 1
github.com/the-financial-workspace/backend/internal/database/database.go:82.35,84.2 1 1
github.com/the-financial-workspace/backend/internal/database/database.go:87.15,87.16 0 1
github.com/the-financial-workspace/backend/internal/database/database.go:91.114,93.17 2 1
github.com/the-financial-workspace/backend/internal/database/database.go:93.17,95.3 1 1
github.com/the-financial-workspace/backend/internal/database/database.go:97.2,98.16 2 1
github.com/the-financial-workspace/backend/internal/database/database.go:98.16,100.3 1 0
github.com/the-financial-workspace/backend/internal/database/database.go:102.2,106.33 4 1
github.com/the-financial-workspace/backend/internal/database/database.go:106.33,108.3 1 1
github.com/the-financial-workspace/backend/internal/database/database.go:110.2,111.16 2 1
github.com/the-financial-workspace/backend/internal/database/database.go:111.16,113.3 1 1
github.com/the-financial-workspace/backend/internal/database/database.go:114.2,121.16 5 1
github.com/the-financial-workspace/backend/internal/database/database.go:121.16,123.3 1 0
github.com/the-financial-workspace/backend/internal/database/database.go:126.2,129.37 3 1
github.com/the-financial-workspace/backend/internal/database/database.go:134.64,136.17 2 1
github.com/the-financial-workspace/backend/internal/database/database.go:136.17,138.3 1 1
github.com/the-financial-workspace/backend/internal/database/database.go:139.2,139.49 1 1
github.com/the-financial-workspace/backend/internal/database/database.go:144.71,150.2 3 1
github.com/the-financial-workspace/backend/internal/database/database.go:154.79,156.17 2 1
github.com/the-financial-workspace/backend/internal/database/database.go:156.17,158.3 1 1
github.com/the-financial-workspace/backend/internal/database/database.go:159.2,162.56 2 1
github.com/the-financial-workspace/backend/internal/database/database.go:166.67,168.17 2 1
github.com/the-financial-workspace/backend/internal/database/database.go:168.17,170.3 1 1
github.com/the-financial-workspace/backend/internal/database/database.go:171.2,171.52 1 1
github.com/the-financial-workspace/backend/internal/database/database.go:175.77,178.2 2 1
github.com/the-financial-workspace/backend/internal/database/database.go:188.26,190.2 1 1
github.com/the-financial-workspace/backend/internal/database/database.go:193.49,196.2 2 1
github.com/the-financial-workspace/backend/internal/database/database.go:199.51,202.2 2 1
github.com/the-financial-workspace/backend/internal/database/database.go:205.52,208.2 2 1
github.com/the-financial-workspace/backend/internal/database/database.go:211.51,214.2 2 1
github.com/the-financial-workspace/backend/internal/database/database.go:217.52,220.2 2 1
github.com/the-financial-workspace/backend/internal/database/database.go:223.51,226.2 2 1
github.com/the-financial-workspace/backend/internal/database/database.go:229.52,232.2 2 1
github.com/the-financial-workspace/backend/internal/database/database.go:235.61,237.27 2 1
github.com/the-financial-workspace/backend/internal/database/database.go:237.27,239.3 1 1
github.com/the-financial-workspace/backend/internal/database/database.go:240.2,241.10 2 1
github.com/the-financial-workspace/backend/internal/database/database.go:245.58,248.2 2 1
github.com/the-financial-workspace/backend/internal/database/database.go:251.39,254.2 2 1
github.com/the-financial-workspace/backend/internal/database/database.go:257.40,260.2 2 1
github.com/the-financial-workspace/backend/internal/database/database.go:263.33,265.2 1 1
github.com/the-financial-workspace/backend/internal/middleware/auth.go:23.26,25.2 1 1
github.com/the-financial-workspace/backend/internal/middleware/auth.go:30.32,31.34 1 1
github.com/the-financial-workspace/backend/internal/middleware/auth.go:31.34,33.23 2 1
github.com/the-financial-workspace/backend/internal/middleware/auth.go:33.23,37.4 1 1
github.com/the-financial-workspace/backend/internal/middleware/auth.go:39.3,40.64 2 1
github.com/the-financial-workspace/backend/internal/middleware/auth.go:40.64,44.4 1 1
github.com/the-financial-workspace/backend/internal/middleware/auth.go:46.3,49.95 3 1
github.com/the-financial-workspace/backend/internal/middleware/auth.go:49.95,50.55 1 1
github.com/the-financial-workspace/backend/internal/middleware/auth.go:50.55,52.5 1 1
github.com/the-financial-workspace/backend/internal/middleware/auth.go:53.4,53.25 1 1
github.com/the-financial-workspace/backend/internal/middleware/auth.go:56.3,56.33 1 1
github.com/the-financial-workspace/backend/internal/middleware/auth.go:56.33,60.4 1 1
github.com/the-financial-workspace/backend/internal/middleware/auth.go:63.3,64.17 2 1
github.com/the-financial-workspace/backend/internal/middleware/auth.go:64.17,68.4 1 1
github.com/the-financial-workspace/backend/internal/middleware/auth.go:70.3,72.18 3 1
github.com/the-financial-workspace/backend/internal/middleware/auth.go:78.68,93.2 4 1
github.com/the-financial-workspace/backend/internal/middleware/auth.go:97.25,99.2 1 1
github.com/the-financial-workspace/backend/internal/middleware/auth.go:102.40,104.9 2 1
github.com/the-financial-workspace/backend/internal/middleware/auth.go:104.9,106.3 1 1
github.com/the-financial-workspace/backend/internal/middleware/auth.go:107.2,107.15 1 1
github.com/the-financial-workspace/backend/internal/middleware/cors.go:13.40,16.54 1 1
github.com/the-financial-workspace/backend/internal/middleware/cors.go:16.54,18.3 1 1
github.com/the-financial-workspace/backend/internal/middleware/cors.go:20.2,26.4 1 1
github.com/the-financial-workspace/backend/internal/middleware/ratelimit.go:12.38,16.43 1 1
github.com/the-financial-workspace/backend/internal/middleware/ratelimit.go:16.43,18.4 1 1
github.com/the-financial-workspace/backend/internal/middleware/ratelimit.go:19.42,23.4 1 1
github.com/the-financial-workspace/backend/internal/middleware/ratelimit.go:29.37,33.43 1 1
github.com/the-financial-workspace/backend/internal/middleware/ratelimit.go:33.43,35.4 1 1
github.com/the-financial-workspace/backend/internal/middleware/ratelimit.go:36.42,40.4 1 1
github.com/the-financial-workspace/backend/internal/middleware/ratelimit.go:46.41,50.43 1 1
github.com/the-financial-workspace/backend/internal/middleware/ratelimit.go:50.43,52.4 1 1
github.com/the-financial-workspace/backend/internal/middleware/ratelimit.go:53.42,57.4 1 1
github.com/the-financial-workspace/backend/internal/models/models.go:75.52,82.50 3 1
github.com/the-financial-workspace/backend/internal/models/models.go:82.50,84.3 1 1
github.com/the-financial-workspace/backend/internal/models/models.go:86.2,86.58 1 1
github.com/the-financial-workspace/backend/internal/models/models.go:86.58,88.3 1 1
github.com/the-financial-workspace/backend/internal/models/models.go:89.2,89.12 1 1
github.com/the-financial-workspace/backend/internal/handlers/auth.go:35.72,39.2 3 1
github.com/the-financial-workspace/backend/internal/handlers/auth.go:44.52,46.16 2 1
github.com/the-financial-workspace/backend/internal/handlers/auth.go:46.16,48.3 1 0
github.com/the-financial-workspace/backend/internal/handlers/auth.go:49.2,49.134 1 1
github.com/the-financial-workspace/backend/internal/handlers/auth.go:49.134,51.3 1 1
github.com/the-financial-workspace/backend/internal/handlers/auth.go:52.2,52.37 1 1
github.com/the-financial-workspace/backend/internal/handlers/auth.go:52.37,54.3 1 1
github.com/the-financial-workspace/backend/internal/handlers/auth.go:55.2,55.52 1 1
github.com/the-financial-workspace/backend/internal/handlers/auth.go:55.52,57.3 1 1
github.com/the-financial-workspace/backend/internal/handlers/auth.go:58.2,59.47 2 1
github.com/the-financial-workspace/backend/internal/handlers/auth.go:59.47,60.24 1 1
github.com/the-financial-workspace/backend/internal/handlers/auth.go:60.24,62.4 1 1
github.com/the-financial-workspace/backend/internal/handlers/auth.go:64.2,64.14 1 1
github.com/the-financial-workspace/backend/internal/handlers/auth.go:93.38,95.43 2 0
github.com/the-financial-workspace/backend/internal/handlers/auth.go:95.43,97.3 1 0
github.com/the-financial-workspace/backend/internal/handlers/auth.go:98.2,98.20 1 0
github.com/the-financial-workspace/backend/internal/handlers/auth.go:98.20,100.3 1 0
github.com/the-financial-workspace/backend/internal/handlers/auth.go:101.2,101.27 1 0
github.com/the-financial-workspace/backend/internal/handlers/auth.go:101.27,103.3 1 0
github.com/the-financial-workspace/backend/internal/handlers/auth.go:104.2,104.44 1 0
github.com/the-financial-workspace/backend/internal/handlers/auth.go:104.44,106.3 1 0
github.com/the-financial-workspace/backend/internal/handlers/auth.go:109.2,123.16 4 0
github.com/the-financial-workspace/backend/internal/handlers/auth.go:123.16,125.3 1 0
github.com/the-financial-workspace/backend/internal/handlers/auth.go:126.2,129.16 3 0
github.com/the-financial-workspace/backend/internal/handlers/auth.go:129.16,131.3 1 0
github.com/the-financial-workspace/backend/internal/handlers/auth.go:132.2,132.43 1 0
github.com/the-financial-workspace/backend/internal/handlers/auth.go:132.43,136.3 1 0
github.com/the-financial-workspace/backend/internal/handlers/auth.go:138.2,139.64 2 0
github.com/the-financial-workspace/backend/internal/handlers/auth.go:139.64,141.3 1 0
github.com/the-financial-workspace/backend/internal/handlers/auth.go:142.2,142.35 1 0
github.com/the-financial-workspace/backend/internal/handlers/auth.go:142.35,146.3 1 0
github.com/the-financial-workspace/backend/internal/handlers/auth.go:149.2,150.16 2 0
github.com/the-financial-workspace/backend/internal/handlers/auth.go:150.16,152.3 1 0
github.com/the-financial-workspace/backend/internal/handlers/auth.go:153.2,157.16 4 0
github.com/the-financial-workspace/backend/internal/handlers/auth.go:157.16,159.3 1 0
github.com/the-financial-workspace/backend/internal/handlers/auth.go:160.2,163.16 3 0
github.com/the-financial-workspace/backend/internal/handlers/auth.go:163.16,165.3 1 0
github.com/the-financial-workspace/backend/internal/handlers/auth.go:166.2,166.46 1 0
github.com/the-financial-workspace/backend/internal/handlers/auth.go:166.46,170.3 1 0
github.com/the-financial-workspace/backend/internal/handlers/auth.go:172.2,173.64 2 0
github.com/the-financial-workspace/backend/internal/handlers/auth.go:173.64,175.3 1 0
github.com/the-financial-workspace/backend/internal/handlers/auth.go:176.2,176.26 1 0
github.com/the-financial-workspace/backend/internal/handlers/auth.go:176.26,180.3 1 0
github.com/the-financial-workspace/backend/internal/handlers/auth.go:181.2,181.29 1 0
github.com/the-financial-workspace/backend/internal/handlers/auth.go:181.29,185.3 1 0
github.com/the-financial-workspace/backend/internal/handlers/auth.go:188.2,189.16 2 0
github.com/the-financial-workspace/backend/internal/handlers/auth.go:189.16,192.3 2 0
github.com/the-financial-workspace/backend/internal/handlers/auth.go:193.2,193.28 1 0
github.com/the-financial-workspace/backend/internal/handlers/auth.go:193.28,196.3 2 0
github.com/the-financial-workspace/backend/internal/handlers/auth.go:199.2,200.16 2 0
github.com/the-financial-workspace/backend/internal/handlers/auth.go:200.16,202.3 1 0
github.com/the-financial-workspace/backend/internal/handlers/auth.go:204.2,212.4 1 0
github.com/the-financial-workspace/backend/internal/handlers/auth.go:217.69,224.16 3 0
github.com/the-financial-workspace/backend/internal/handlers/auth.go:224.16,227.3 2 0
github.com/the-financial-workspace/backend/internal/handlers/auth.go:229.2,229.33 1 0
github.com/the-financial-workspace/backend/internal/handlers/auth.go:229.33,232.3 2 0
github.com/the-financial-workspace/backend/internal/handlers/auth.go:234.2,235.56 2 0
github.com/the-financial-workspace/backend/internal/handlers/auth.go:235.56,238.3 2 0
github.com/the-financial-workspace/backend/internal/handlers/auth.go:240.2,240.23 1 0
github.com/the-financial-workspace/backend/internal/handlers/auth.go:240.23,251.17 5 0
github.com/the-financial-workspace/backend/internal/handlers/auth.go:251.17,254.55 3 0
github.com/the-financial-workspace/backend/internal/handlers/auth.go:254.55,256.5 1 0
github.com/the-financial-workspace/backend/internal/handlers/auth.go:259.3,261.22 3 0
github.com/the-financial-workspace/backend/internal/handlers/auth.go:265.2,265.35 1 0
github.com/the-financial-workspace/backend/internal/handlers/auth.go:269.72,284.16 5 0
github.com/the-financial-workspace/backend/internal/handlers/auth.go:284.16,286.3 1 0
github.com/the-financial-workspace/backend/internal/handlers/auth.go:288.2,289.16 2 0
github.com/the-financial-workspace/backend/internal/handlers/auth.go:289.16,292.3 2 0
github.com/the-financial-workspace/backend/internal/handlers/auth.go:294.2,294.38 1 0
github.com/the-financial-workspace/backend/internal/handlers/auth.go:294.38,305.20 4 0
github.com/the-financial-workspace/backend/internal/handlers/auth.go:305.20,308.4 2 0
github.com/the-financial-workspace/backend/internal/handlers/auth.go:309.3,309.33 1 0
github.com/the-financial-workspace/backend/internal/handlers/auth.go:309.33,312.4 2 0
github.com/the-financial-workspace/backend/internal/handlers/auth.go:314.3,315.79 2 0
github.com/the-financial-workspace/backend/internal/handlers/auth.go:315.79,318.4 2 0
github.com/the-financial-workspace/backend/internal/handlers/auth.go:319.3,319.26 1 0
github.com/the-financial-workspace/backend/internal/handlers/auth.go:322.2,323.80 2 0
github.com/the-financial-workspace/backend/internal/handlers/auth.go:323.80,334.3 1 0
github.com/the-financial-workspace/backend/internal/handlers/auth.go:335.2,335.24 1 0
github.com/the-financial-workspace/backend/internal/handlers/auth.go:340.29,342.9 2 1
github.com/the-financial-workspace/backend/internal/handlers/auth.go:342.9,344.3 1 0
github.com/the-financial-workspace/backend/internal/handlers/auth.go:346.2,352.47 3 1
github.com/the-financial-workspace/backend/internal/handlers/auth.go:352.47,354.3 1 0
github.com/the-financial-workspace/backend/internal/handlers/auth.go:356.2,357.56 2 1
github.com/the-financial-workspace/backend/internal/handlers/auth.go:357.56,359.3 1 0
github.com/the-financial-workspace/backend/internal/handlers/auth.go:361.2,361.24 1 1
github.com/the-financial-workspace/backend/internal/handlers/auth.go:361.24,363.3 1 1
github.com/the-financial-workspace/backend/internal/handlers/auth.go:365.2,365.28 1 1
github.com/the-financial-workspace/backend/internal/handlers/auth_email.go:42.45,47.13 4 1
github.com/the-financial-workspace/backend/internal/handlers/auth_email.go:47.13,49.3 1 1
github.com/the-financial-workspace/backend/internal/handlers/auth_email.go:51.2,51.37 1 1
github.com/the-financial-workspace/backend/internal/handlers/auth_email.go:51.37,54.3 2 1
github.com/the-financial-workspace/backend/internal/handlers/auth_email.go:55.2,55.49 1 1
github.com/the-financial-workspace/backend/internal/handlers/auth_email.go:59.38,64.48 4 1
github.com/the-financial-workspace/backend/internal/handlers/auth_email.go:64.48,70.3 2 1
github.com/the-financial-workspace/backend/internal/handlers/auth_email.go:71.2,71.16 1 1
github.com/the-financial-workspace/backend/internal/handlers/auth_email.go:75.39,79.2 3 1
github.com/the-financial-workspace/backend/internal/handlers/auth_email.go:81.13,84.12 1 1
github.com/the-financial-workspace/backend/internal/handlers/auth_email.go:84.12,87.22 3 1
github.com/the-financial-workspace/backend/internal/handlers/auth_email.go:87.22,90.42 3 0
github.com/the-financial-workspace/backend/internal/handlers/auth_email.go:90.42,91.33 1 0
github.com/the-financial-workspace/backend/internal/handlers/auth_email.go:91.33,93.6 1 0
github.com/the-financial-workspace/backend/internal/handlers/auth_email.go:95.4,95.28 1 0
github.com/the-financial-workspace/backend/internal/handlers/auth_email.go:135.35,137.43 2 0
github.com/the-financial-workspace/backend/internal/handlers/auth_email.go:137.43,139.3 1 0
github.com/the-financial-workspace/backend/internal/handlers/auth_email.go:142.2,143.20 2 0
github.com/the-financial-workspace/backend/internal/handlers/auth_email.go:143.20,145.3 1 0
github.com/the-financial-workspace/backend/internal/handlers/auth_email.go:146.2,146.35 1 0
github.com/the-financial-workspace/backend/internal/handlers/auth_email.go:146.35,148.3 1 0
github.com/the-financial-workspace/backend/internal/handlers/auth_email.go:150.2,151.56 2 0
github.com/the-financial-workspace/backend/internal/handlers/auth_email.go:151.56,153.3 1 0
github.com/the-financial-workspace/backend/internal/handlers/auth_email.go:155.2,155.27 1 0
github.com/the-financial-workspace/backend/internal/handlers/auth_email.go:155.27,157.3 1 0
github.com/the-financial-workspace/backend/internal/handlers/auth_email.go:160.2,160.50 1 0
github.com/the-financial-workspace/backend/internal/handlers/auth_email.go:160.50,162.3 1 0
github.com/the-financial-workspace/backend/internal/handlers/auth_email.go:165.2,166.33 2 0
github.com/the-financial-workspace/backend/internal/handlers/auth_email.go:166.33,167.10 1 0
github.com/the-financial-workspace/backend/internal/handlers/auth_email.go:168.27,169.19 1 0
github.com/the-financial-workspace/backend/internal/handlers/auth_email.go:170.27,171.19 1 0
github.com/the-financial-workspace/backend/internal/handlers/auth_email.go:172.27,173.19 1 0
github.com/the-financial-workspace/backend/internal/handlers/auth_email.go:176.2,176.41 1 0
github.com/the-financial-workspace/backend/internal/handlers/auth_email.go:176.41,178.3 1 0
github.com/the-financial-workspace/backend/internal/handlers/auth_email.go:181.2,187.16 3 0
github.com/the-financial-workspace/backend/internal/handlers/auth_email.go:187.16,190.3 2 0
github.com/the-financial-workspace/backend/internal/handlers/auth_email.go:191.2,191.33 1 0
github.com/the-financial-workspace/backend/internal/handlers/auth_email.go:191.33,194.3 2 0
github.com/the-financial-workspace/backend/internal/handlers/auth_email.go:196.2,199.56 2 0
github.com/the-financial-workspace/backend/internal/handlers/auth_email.go:199.56,202.3 2 0
github.com/the-financial-workspace/backend/internal/handlers/auth_email.go:203.2,203.23 1 0
github.com/the-financial-workspace/backend/internal/handlers/auth_email.go:203.23,207.3 1 0
github.com/the-financial-workspace/backend/internal/handlers/auth_email.go:210.2,211.16 2 0
github.com/the-financial-workspace/backend/internal/handlers/auth_email.go:211.16,214.3 2 0
github.com/the-financial-workspace/backend/internal/handlers/auth_email.go:217.2,232.16 5 0
github.com/the-financial-workspace/backend/internal/handlers/auth_email.go:232.16,234.3 1 0
github.com/the-financial-workspace/backend/internal/handlers/auth_email.go:236.2,237.16 2 0
github.com/the-financial-workspace/backend/internal/handlers/auth_email.go:237.16,240.3 2 0
github.com/the-financial-workspace/backend/internal/handlers/auth_email.go:241.2,241.38 1 0
github.com/the-financial-workspace/backend/internal/handlers/auth_email.go:241.38,244.3 2 0
github.com/the-financial-workspace/backend/internal/handlers/auth_email.go:247.2,248.16 2 0
github.com/the-financial-workspace/backend/internal/handlers/auth_email.go:248.16,250.3 1 0
github.com/the-financial-workspace/backend/internal/handlers/auth_email.go:252.2,260.4 1 0
github.com/the-financial-workspace/backend/internal/handlers/auth_email.go:265.32,267.43 2 0
github.com/the-financial-workspace/backend/internal/handlers/auth_email.go:267.43,269.3 1 0
github.com/the-financial-workspace/backend/internal/handlers/auth_email.go:271.2,272.21 2 0
github.com/the-financial-workspace/backend/internal/handlers/auth_email.go:272.21,274.3 1 0
github.com/the-financial-workspace/backend/internal/handlers/auth_email.go:275.2,275.24 1 0
github.com/the-financial-workspace/backend/internal/handlers/auth_email.go:275.24,277.3 1 0
github.com/the-financial-workspace/backend/internal/handlers/auth_email.go:280.2,280.36 1 0
github.com/the-financial-workspace/backend/internal/handlers/auth_email.go:280.36,284.3 1 0
github.com/the-financial-workspace/backend/internal/handlers/auth_email.go:287.2,293.16 3 0
github.com/the-financial-workspace/backend/internal/handlers/auth_email.go:293.16,296.3 2 0
github.com/the-financial-workspace/backend/internal/handlers/auth_email.go:297.2,297.33 1 0
github.com/the-financial-workspace/backend/internal/handlers/auth_email.go:297.33,300.3 2 0
github.com/the-financial-workspace/backend/internal/handlers/auth_email.go:302.2,303.56 2 0
github.com/the-financial-workspace/backend/internal/handlers/auth_email.go:303.56,306.3 2 0
github.com/the-financial-workspace/backend/internal/handlers/auth_email.go:308.2,308.24 1 0
github.com/the-financial-workspace/backend/internal/handlers/auth_email.go:308.24,313.3 2 0
github.com/the-financial-workspace/backend/internal/handlers/auth_email.go:315.2,318.32 2 0
github.com/the-financial-workspace/backend/internal/handlers/auth_email.go:318.32,323.3 2 0
github.com/the-financial-workspace/backend/internal/handlers/auth_email.go:326.2,326.106 1 0
github.com/the-financial-workspace/backend/internal/handlers/auth_email.go:326.106,331.3 2 0
github.com/the-financial-workspace/backend/internal/handlers/auth_email.go:334.2,338.16 3 0
github.com/the-financial-workspace/backend/internal/handlers/auth_email.go:338.16,340.3 1 0
github.com/the-financial-workspace/backend/internal/handlers/auth_email.go:342.2,350.4 1 0
github.com/the-financial-workspace/backend/internal/handlers/budgets.go:36.44,69.2 1 1
github.com/the-financial-workspace/backend/internal/handlers/budgets.go:72.44,98.2 1 1
github.com/the-financial-workspace/backend/internal/handlers/budgets.go:101.46,127.2 1 1
github.com/the-financial-workspace/backend/internal/handlers/budgets.go:130.42,153.2 1 1
github.com/the-financial-workspace/backend/internal/handlers/budgets.go:156.41,178.2 1 1
github.com/the-financial-workspace/backend/internal/handlers/budgets.go:181.54,182.14 1 1
github.com/the-financial-workspace/backend/internal/handlers/budgets.go:183.18,184.31 1 1
github.com/the-financial-workspace/backend/internal/handlers/budgets.go:185.19,186.31 1 1
github.com/the-financial-workspace/backend/internal/handlers/budgets.go:187.21,188.33 1 1
github.com/the-financial-workspace/backend/internal/handlers/budgets.go:189.16,190.29 1 1
github.com/the-financial-workspace/backend/internal/handlers/budgets.go:191.15,192.28 1 1
github.com/the-financial-workspace/backend/internal/handlers/budgets.go:193.10,194.31 1 1
github.com/the-financial-workspace/backend/internal/handlers/budgets.go:200.38,202.9 2 1
github.com/the-financial-workspace/backend/internal/handlers/budgets.go:202.9,204.3 1 1
github.com/the-financial-workspace/backend/internal/handlers/budgets.go:206.2,219.20 5 1
github.com/the-financial-workspace/backend/internal/handlers/budgets.go:219.20,229.48 3 1
github.com/the-financial-workspace/backend/internal/handlers/budgets.go:229.48,231.4 1 0
github.com/the-financial-workspace/backend/internal/handlers/budgets.go:233.3,233.56 1 1
github.com/the-financial-workspace/backend/internal/handlers/budgets.go:233.56,235.4 1 0
github.com/the-financial-workspace/backend/internal/handlers/budgets.go:236.3,236.13 1 1
github.com/the-financial-workspace/backend/internal/handlers/budgets.go:239.2,239.20 1 1
github.com/the-financial-workspace/backend/internal/handlers/budgets.go:239.20,246.56 3 1
github.com/the-financial-workspace/backend/internal/handlers/budgets.go:246.56,249.4 1 0
github.com/the-financial-workspace/backend/internal/handlers/budgets.go:251.3,252.13 2 1
github.com/the-financial-workspace/backend/internal/handlers/budgets.go:255.2,255.33 1 1
github.com/the-financial-workspace/backend/internal/handlers/budgets.go:255.33,257.3 1 0
github.com/the-financial-workspace/backend/internal/handlers/budgets.go:259.2,259.20 1 1
github.com/the-financial-workspace/backend/internal/handlers/budgets.go:259.20,261.3 1 0
github.com/the-financial-workspace/backend/internal/handlers/budgets.go:264.2,264.22 1 1
github.com/the-financial-workspace/backend/internal/handlers/budgets.go:264.22,266.30 2 0
github.com/the-financial-workspace/backend/internal/handlers/budgets.go:266.30,268.4 1 0
github.com/the-financial-workspace/backend/internal/handlers/budgets.go:270.3,279.68 3 0
github.com/the-financial-workspace/backend/internal/handlers/budgets.go:279.68,281.75 2 0
github.com/the-financial-workspace/backend/internal/handlers/budgets.go:281.75,283.5 1 0
github.com/the-financial-workspace/backend/internal/handlers/budgets.go:287.2,287.24 1 1
github.com/the-financial-workspace/backend/internal/handlers/budgets.go:295.39,297.9 2 1
github.com/the-financial-workspace/backend/internal/handlers/budgets.go:297.9,299.3 1 0
github.com/the-financial-workspace/backend/internal/handlers/budgets.go:302.2,308.53 3 1
github.com/the-financial-workspace/backend/internal/handlers/budgets.go:308.53,310.3 1 0
github.com/the-financial-workspace/backend/internal/handlers/budgets.go:312.2,313.61 2 1
github.com/the-financial-workspace/backend/internal/handlers/budgets.go:313.61,315.3 1 0
github.com/the-financial-workspace/backend/internal/handlers/budgets.go:316.2,316.40 1 1
github.com/the-financial-workspace/backend/internal/handlers/budgets.go:316.40,318.3 1 1
github.com/the-financial-workspace/backend/internal/handlers/budgets.go:320.2,321.43 2 1
github.com/the-financial-workspace/backend/internal/handlers/budgets.go:321.43,323.3 1 0
github.com/the-financial-workspace/backend/internal/handlers/budgets.go:326.2,331.20 4 1
github.com/the-financial-workspace/backend/internal/handlers/budgets.go:331.20,333.3 1 1
github.com/the-financial-workspace/backend/internal/handlers/budgets.go:334.2,334.35 1 1
github.com/the-financial-workspace/backend/internal/handlers/budgets.go:334.35,336.3 1 1
github.com/the-financial-workspace/backend/internal/handlers/budgets.go:337.2,337.28 1 1
github.com/the-financial-workspace/backend/internal/handlers/budgets.go:337.28,339.3 1 1
github.com/the-financial-workspace/backend/internal/handlers/budgets.go:340.2,340.40 1 1
github.com/the-financial-workspace/backend/internal/handlers/budgets.go:340.40,342.3 1 1
github.com/the-financial-workspace/backend/internal/handlers/budgets.go:345.2,345.24 1 1
github.com/the-financial-workspace/backend/internal/handlers/budgets.go:345.24,347.3 1 1
github.com/the-financial-workspace/backend/internal/handlers/budgets.go:348.2,348.20 1 1
github.com/the-financial-workspace/backend/internal/handlers/budgets.go:348.20,350.3 1 1
github.com/the-financial-workspace/backend/internal/handlers/budgets.go:353.2,353.56 1 1
github.com/the-financial-workspace/backend/internal/handlers/budgets.go:353.56,355.3 1 0
github.com/the-financial-workspace/backend/internal/handlers/budgets.go:357.2,357.62 1 1
github.com/the-financial-workspace/backend/internal/handlers/budgets.go:357.62,359.3 1 0
github.com/the-financial-workspace/backend/internal/handlers/budgets.go:362.2,362.33 1 1
github.com/the-financial-workspace/backend/internal/handlers/budgets.go:362.33,364.3 1 1
github.com/the-financial-workspace/backend/internal/handlers/budgets.go:365.2,365.40 1 1
github.com/the-financial-workspace/backend/internal/handlers/budgets.go:365.40,367.3 1 1
github.com/the-financial-workspace/backend/internal/handlers/budgets.go:368.2,368.92 1 1
github.com/the-financial-workspace/backend/internal/handlers/budgets.go:368.92,370.3 1 0
github.com/the-financial-workspace/backend/internal/handlers/budgets.go:372.2,402.16 6 1
github.com/the-financial-workspace/backend/internal/handlers/budgets.go:402.16,404.3 1 0
github.com/the-financial-workspace/backend/internal/handlers/budgets.go:406.2,407.52 2 1
github.com/the-financial-workspace/backend/internal/handlers/budgets.go:407.52,409.3 1 0
github.com/the-financial-workspace/backend/internal/handlers/budgets.go:412.2,412.30 1 1
github.com/the-financial-workspace/backend/internal/handlers/budgets.go:412.30,413.73 1 1
github.com/the-financial-workspace/backend/internal/handlers/budgets.go:413.73,415.4 1 0
github.com/the-financial-workspace/backend/internal/handlers/budgets.go:418.2,420.51 2 1
github.com/the-financial-workspace/backend/internal/handlers/budgets.go:424.79,425.46 1 1
github.com/the-financial-workspace/backend/internal/handlers/budgets.go:425.46,437.17 4 1
github.com/the-financial-workspace/backend/internal/handlers/budgets.go:437.17,439.4 1 0
github.com/the-financial-workspace/backend/internal/handlers/budgets.go:440.3,441.53 2 1
github.com/the-financial-workspace/backend/internal/handlers/budgets.go:441.53,443.4 1 0
github.com/the-financial-workspace/backend/internal/handlers/budgets.go:445.3,445.36 1 1
github.com/the-financial-workspace/backend/internal/handlers/budgets.go:445.36,457.18 4 1
github.com/the-financial-workspace/backend/internal/handlers/budgets.go:457.18,459.5 1 0
github.com/the-financial-workspace/backend/internal/handlers/budgets.go:460.4,461.54 2 1
github.com/the-financial-workspace/backend/internal/handlers/budgets.go:461.54,463.5 1 0
github.com/the-financial-workspace/backend/internal/handlers/budgets.go:466.2,466.12 1 1
github.com/the-financial-workspace/backend/internal/handlers/budgets.go:470.36,472.9 2 1
github.com/the-financial-workspace/backend/internal/handlers/budgets.go:472.9,474.3 1 0
github.com/the-financial-workspace/backend/internal/handlers/budgets.go:476.2,477.9 2 1
github.com/the-financial-workspace/backend/internal/handlers/budgets.go:477.9,479.3 1 1
github.com/the-financial-workspace/backend/internal/handlers/budgets.go:481.2,481.61 1 1
github.com/the-financial-workspace/backend/internal/handlers/budgets.go:481.61,483.3 1 0
github.com/the-financial-workspace/backend/internal/handlers/budgets.go:485.2,491.47 3 1
github.com/the-financial-workspace/backend/internal/handlers/budgets.go:491.47,493.3 1 0
github.com/the-financial-workspace/backend/internal/handlers/budgets.go:495.2,496.76 2 1
github.com/the-financial-workspace/backend/internal/handlers/budgets.go:496.76,498.3 1 0
github.com/the-financial-workspace/backend/internal/handlers/budgets.go:500.2,500.27 1 1
github.com/the-financial-workspace/backend/internal/handlers/budgets.go:505.39,507.9 2 1
github.com/the-financial-workspace/backend/internal/handlers/budgets.go:507.9,509.3 1 0
github.com/the-financial-workspace/backend/internal/handlers/budgets.go:511.2,512.9 2 1
github.com/the-financial-workspace/backend/internal/handlers/budgets.go:512.9,514.3 1 0
github.com/the-financial-workspace/backend/internal/handlers/budgets.go:516.2,517.43 2 1
github.com/the-financial-workspace/backend/internal/handlers/budgets.go:517.43,519.3 1 0
github.com/the-financial-workspace/backend/internal/handlers/budgets.go:522.2,522.21 1 1
github.com/the-financial-workspace/backend/internal/handlers/budgets.go:522.21,525.3 2 1
github.com/the-financial-workspace/backend/internal/handlers/budgets.go:526.2,526.25 1 1
github.com/the-financial-workspace/backend/internal/handlers/budgets.go:526.25,529.3 2 1
github.com/the-financial-workspace/backend/internal/handlers/budgets.go:530.2,530.21 1 1
github.com/the-financial-workspace/backend/internal/handlers/budgets.go:530.21,533.3 2 1
github.com/the-financial-workspace/backend/internal/handlers/budgets.go:536.2,536.40 1 1
github.com/the-financial-workspace/backend/internal/handlers/budgets.go:536.40,538.3 1 1
github.com/the-financial-workspace/backend/internal/handlers/budgets.go:539.2,539.55 1 1
github.com/the-financial-workspace/backend/internal/handlers/budgets.go:539.55,541.3 1 1
github.com/the-financial-workspace/backend/internal/handlers/budgets.go:542.2,542.57 1 1
github.com/the-financial-workspace/backend/internal/handlers/budgets.go:542.57,544.3 1 1
github.com/the-financial-workspace/backend/internal/handlers/budgets.go:545.2,545.69 1 1
github.com/the-financial-workspace/backend/internal/handlers/budgets.go:545.69,547.3 1 1
github.com/the-financial-workspace/backend/internal/handlers/budgets.go:548.2,548.53 1 1
github.com/the-financial-workspace/backend/internal/handlers/budgets.go:548.53,550.3 1 1
github.com/the-financial-workspace/backend/internal/handlers/budgets.go:551.2,551.64 1 1
github.com/the-financial-workspace/backend/internal/handlers/budgets.go:551.64,553.3 1 1
github.com/the-financial-workspace/backend/internal/handlers/budgets.go:554.2,554.91 1 1
github.com/the-financial-workspace/backend/internal/handlers/budgets.go:554.91,556.3 1 0
github.com/the-financial-workspace/backend/internal/handlers/budgets.go:557.2,557.94 1 1
github.com/the-financial-workspace/backend/internal/handlers/budgets.go:557.94,559.3 1 0
github.com/the-financial-workspace/backend/internal/handlers/budgets.go:562.2,569.47 3 1
github.com/the-financial-workspace/backend/internal/handlers/budgets.go:569.47,571.3 1 0
github.com/the-financial-workspace/backend/internal/handlers/budgets.go:573.2,574.76 2 1
github.com/the-financial-workspace/backend/internal/handlers/budgets.go:574.76,576.3 1 0
github.com/the-financial-workspace/backend/internal/handlers/budgets.go:578.2,581.21 2 1
github.com/the-financial-workspace/backend/internal/handlers/budgets.go:581.21,583.3 1 1
github.com/the-financial-workspace/backend/internal/handlers/budgets.go:584.2,584.30 1 1
github.com/the-financial-workspace/backend/internal/handlers/budgets.go:584.30,586.3 1 0
github.com/the-financial-workspace/backend/internal/handlers/budgets.go:587.2,587.25 1 1
github.com/the-financial-workspace/backend/internal/handlers/budgets.go:587.25,589.3 1 0
github.com/the-financial-workspace/backend/internal/handlers/budgets.go:590.2,590.36 1 1
github.com/the-financial-workspace/backend/internal/handlers/budgets.go:590.36,592.3 1 0
github.com/the-financial-workspace/backend/internal/handlers/budgets.go:593.2,593.33 1 1
github.com/the-financial-workspace/backend/internal/handlers/budgets.go:593.33,595.3 1 0
github.com/the-financial-workspace/backend/internal/handlers/budgets.go:596.2,596.21 1 1
github.com/the-financial-workspace/backend/internal/handlers/budgets.go:596.21,598.3 1 0
github.com/the-financial-workspace/backend/internal/handlers/budgets.go:599.2,611.16 4 1
github.com/the-financial-workspace/backend/internal/handlers/budgets.go:611.16,613.3 1 0
github.com/the-financial-workspace/backend/internal/handlers/budgets.go:615.2,621.47 3 1
github.com/the-financial-workspace/backend/internal/handlers/budgets.go:621.47,623.3 1 0
github.com/the-financial-workspace/backend/internal/handlers/budgets.go:625.2,627.18 2 1
github.com/the-financial-workspace/backend/internal/handlers/budgets.go:633.39,635.9 2 1
github.com/the-financial-workspace/backend/internal/handlers/budgets.go:635.9,637.3 1 0
github.com/the-financial-workspace/backend/internal/handlers/budgets.go:639.2,640.9 2 1
github.com/the-financial-workspace/backend/internal/handlers/budgets.go:640.9,642.3 1 0
github.com/the-financial-workspace/backend/internal/handlers/budgets.go:645.2,652.47 3 1
github.com/the-financial-workspace/backend/internal/handlers/budgets.go:652.47,654.3 1 0
github.com/the-financial-workspace/backend/internal/handlers/budgets.go:656.2,657.72 2 1
github.com/the-financial-workspace/backend/internal/handlers/budgets.go:657.72,659.3 1 0
github.com/the-financial-workspace/backend/internal/handlers/budgets.go:661.2,666.37 4 1
github.com/the-financial-workspace/backend/internal/handlers/budgets.go:666.37,668.3 1 0
github.com/the-financial-workspace/backend/internal/handlers/budgets.go:671.2,674.61 3 1
github.com/the-financial-workspace/backend/internal/handlers/budgets.go:674.61,676.85 2 1
github.com/the-financial-workspace/backend/internal/handlers/budgets.go:676.85,678.31 2 1
github.com/the-financial-workspace/backend/internal/handlers/budgets.go:678.31,680.5 1 1
github.com/the-financial-workspace/backend/internal/handlers/budgets.go:681.4,683.39 3 1
github.com/the-financial-workspace/backend/internal/handlers/budgets.go:683.39,685.5 1 0
github.com/the-financial-workspace/backend/internal/handlers/budgets.go:690.2,692.37 3 1
github.com/the-financial-workspace/backend/internal/handlers/budgets.go:692.37,694.3 1 0
github.com/the-financial-workspace/backend/internal/handlers/budgets.go:697.2,699.37 3 1
github.com/the-financial-workspace/backend/internal/handlers/budgets.go:699.37,701.3 1 0
github.com/the-financial-workspace/backend/internal/handlers/budgets.go:704.2,706.37 3 1
github.com/the-financial-workspace/backend/internal/handlers/budgets.go:706.37,708.3 1 0
github.com/the-financial-workspace/backend/internal/handlers/budgets.go:711.2,716.37 3 1
github.com/the-financial-workspace/backend/internal/handlers/budgets.go:716.37,718.3 1 0
github.com/the-financial-workspace/backend/internal/handlers/budgets.go:720.2,722.44 2 1
github.com/the-financial-workspace/backend/internal/handlers/categories.go:18.41,20.9 2 0
github.com/the-financial-workspace/backend/internal/handlers/categories.go:20.9,22.3 1 0
github.com/the-financial-workspace/backend/internal/handlers/categories.go:24.2,25.9 2 0
github.com/the-financial-workspace/backend/internal/handlers/categories.go:25.9,27.3 1 0
github.com/the-financial-workspace/backend/internal/handlers/categories.go:29.2,30.9 2 0
github.com/the-financial-workspace/backend/internal/handlers/categories.go:30.9,32.3 1 0
github.com/the-financial-workspace/backend/internal/handlers/categories.go:34.2,35.43 2 0
github.com/the-financial-workspace/backend/internal/handlers/categories.go:35.43,37.3 1 0
github.com/the-financial-workspace/backend/internal/handlers/categories.go:40.2,43.20 3 0
github.com/the-financial-workspace/backend/internal/handlers/categories.go:43.20,45.3 1 0
github.com/the-financial-workspace/backend/internal/handlers/categories.go:46.2,46.35 1 0
github.com/the-financial-workspace/backend/internal/handlers/categories.go:46.35,48.3 1 0
github.com/the-financial-workspace/backend/internal/handlers/categories.go:49.2,49.35 1 0
github.com/the-financial-workspace/backend/internal/handlers/categories.go:49.35,51.3 1 0
github.com/the-financial-workspace/backend/internal/handlers/categories.go:52.2,52.62 1 0
github.com/the-financial-workspace/backend/internal/handlers/categories.go:52.62,54.3 1 0
github.com/the-financial-workspace/backend/internal/handlers/categories.go:56.2,56.76 1 0
github.com/the-financial-workspace/backend/internal/handlers/categories.go:56.76,58.3 1 0
github.com/the-financial-workspace/backend/internal/handlers/categories.go:61.2,68.57 3 0
github.com/the-financial-workspace/backend/internal/handlers/categories.go:68.57,70.3 1 0
github.com/the-financial-workspace/backend/internal/handlers/categories.go:72.2,75.97 2 0
github.com/the-financial-workspace/backend/internal/handlers/categories.go:75.97,77.3 1 0
github.com/the-financial-workspace/backend/internal/handlers/categories.go:78.2,86.65 4 0
github.com/the-financial-workspace/backend/internal/handlers/categories.go:86.65,88.3 1 0
github.com/the-financial-workspace/backend/internal/handlers/categories.go:90.2,93.71 2 0
github.com/the-financial-workspace/backend/internal/handlers/categories.go:93.71,95.3 1 0
github.com/the-financial-workspace/backend/internal/handlers/categories.go:97.2,98.34 2 0
github.com/the-financial-workspace/backend/internal/handlers/categories.go:98.34,100.3 1 0
github.com/the-financial-workspace/backend/internal/handlers/categories.go:101.2,101.66 1 0
github.com/the-financial-workspace/backend/internal/handlers/categories.go:101.66,103.3 1 0
github.com/the-financial-workspace/backend/internal/handlers/categories.go:105.2,128.16 6 0
github.com/the-financial-workspace/backend/internal/handlers/categories.go:128.16,130.3 1 0
github.com/the-financial-workspace/backend/internal/handlers/categories.go:132.2,133.52 2 0
github.com/the-financial-workspace/backend/internal/handlers/categories.go:133.52,135.3 1 0
github.com/the-financial-workspace/backend/internal/handlers/categories.go:137.2,139.48 2 0
github.com/the-financial-workspace/backend/internal/handlers/categories.go:144.41,146.9 2 0
github.com/the-financial-workspace/backend/internal/handlers/categories.go:146.9,148.3 1 0
github.com/the-financial-workspace/backend/internal/handlers/categories.go:150.2,151.9 2 0
github.com/the-financial-workspace/backend/internal/handlers/categories.go:151.9,153.3 1 0
github.com/the-financial-workspace/backend/internal/handlers/categories.go:155.2,156.9 2 0
github.com/the-financial-workspace/backend/internal/handlers/categories.go:156.9,158.3 1 0
github.com/the-financial-workspace/backend/internal/handlers/categories.go:160.2,161.9 2 0
github.com/the-financial-workspace/backend/internal/handlers/categories.go:161.9,163.3 1 0
github.com/the-financial-workspace/backend/internal/handlers/categories.go:165.2,166.43 2 0
github.com/the-financial-workspace/backend/internal/handlers/categories.go:166.43,168.3 1 0
github.com/the-financial-workspace/backend/internal/handlers/categories.go:171.2,171.21 1 0
github.com/the-financial-workspace/backend/internal/handlers/categories.go:171.21,174.3 2 0
github.com/the-financial-workspace/backend/internal/handlers/categories.go:175.2,175.21 1 0
github.com/the-financial-workspace/backend/internal/handlers/categories.go:175.21,178.3 2 0
github.com/the-financial-workspace/backend/internal/handlers/categories.go:181.2,181.40 1 0
github.com/the-financial-workspace/backend/internal/handlers/categories.go:181.40,183.3 1 0
github.com/the-financial-workspace/backend/internal/handlers/categories.go:184.2,184.55 1 0
github.com/the-financial-workspace/backend/internal/handlers/categories.go:184.55,186.3 1 0
github.com/the-financial-workspace/backend/internal/handlers/categories.go:187.2,187.55 1 0
github.com/the-financial-workspace/backend/internal/handlers/categories.go:187.55,189.3 1 0
github.com/the-financial-workspace/backend/internal/handlers/categories.go:190.2,190.98 1 0
github.com/the-financial-workspace/backend/internal/handlers/categories.go:190.98,192.3 1 0
github.com/the-financial-workspace/backend/internal/handlers/categories.go:194.2,194.76 1 0
github.com/the-financial-workspace/backend/internal/handlers/categories.go:194.76,196.3 1 0
github.com/the-financial-workspace/backend/internal/handlers/categories.go:199.2,206.47 3 0
github.com/the-financial-workspace/backend/internal/handlers/categories.go:206.47,208.3 1 0
github.com/the-financial-workspace/backend/internal/handlers/categories.go:210.2,211.70 2 0
github.com/the-financial-workspace/backend/internal/handlers/categories.go:211.70,213.3 1 0
github.com/the-financial-workspace/backend/internal/handlers/categories.go:215.2,218.34 2 0
github.com/the-financial-workspace/backend/internal/handlers/categories.go:218.34,226.50 3 0
github.com/the-financial-workspace/backend/internal/handlers/categories.go:226.50,228.4 1 0
github.com/the-financial-workspace/backend/internal/handlers/categories.go:230.3,233.86 2 0
github.com/the-financial-workspace/backend/internal/handlers/categories.go:233.86,235.4 1 0
github.com/the-financial-workspace/backend/internal/handlers/categories.go:236.3,244.56 4 0
github.com/the-financial-workspace/backend/internal/handlers/categories.go:244.56,246.4 1 0
github.com/the-financial-workspace/backend/internal/handlers/categories.go:248.3,252.62 2 0
github.com/the-financial-workspace/backend/internal/handlers/categories.go:252.62,254.4 1 0
github.com/the-financial-workspace/backend/internal/handlers/categories.go:256.3,257.30 2 0
github.com/the-financial-workspace/backend/internal/handlers/categories.go:257.30,258.31 1 0
github.com/the-financial-workspace/backend/internal/handlers/categories.go:258.31,259.13 1 0
github.com/the-financial-workspace/backend/internal/handlers/categories.go:261.4,261.41 1 0
github.com/the-financial-workspace/backend/internal/handlers/categories.go:263.3,263.59 1 0
github.com/the-financial-workspace/backend/internal/handlers/categories.go:263.59,265.4 1 0
github.com/the-financial-workspace/backend/internal/handlers/categories.go:269.2,269.21 1 0
github.com/the-financial-workspace/backend/internal/handlers/categories.go:269.21,271.3 1 0
github.com/the-financial-workspace/backend/internal/handlers/categories.go:272.2,272.34 1 0
github.com/the-financial-workspace/backend/internal/handlers/categories.go:272.34,274.3 1 0
github.com/the-financial-workspace/backend/internal/handlers/categories.go:275.2,275.21 1 0
github.com/the-financial-workspace/backend/internal/handlers/categories.go:275.21,277.3 1 0
github.com/the-financial-workspace/backend/internal/handlers/categories.go:278.2,278.26 1 0
github.com/the-financial-workspace/backend/internal/handlers/categories.go:278.26,280.3 1 0
github.com/the-financial-workspace/backend/internal/handlers/categories.go:282.2,289.16 3 0
github.com/the-financial-workspace/backend/internal/handlers/categories.go:289.16,291.3 1 0
github.com/the-financial-workspace/backend/internal/handlers/categories.go:293.2,299.47 3 0
github.com/the-financial-workspace/backend/internal/handlers/categories.go:299.47,301.3 1 0
github.com/the-financial-workspace/backend/internal/handlers/categories.go:303.2,305.20 2 0
github.com/the-financial-workspace/backend/internal/handlers/categories.go:310.41,312.9 2 0
github.com/the-financial-workspace/backend/internal/handlers/categories.go:312.9,314.3 1 0
github.com/the-financial-workspace/backend/internal/handlers/categories.go:316.2,317.9 2 0
github.com/the-financial-workspace/backend/internal/handlers/categories.go:317.9,319.3 1 0
github.com/the-financial-workspace/backend/internal/handlers/categories.go:321.2,322.9 2 0
github.com/the-financial-workspace/backend/internal/handlers/categories.go:322.9,324.3 1 0
github.com/the-financial-workspace/backend/internal/handlers/categories.go:326.2,327.9 2 0
github.com/the-financial-workspace/backend/internal/handlers/categories.go:327.9,329.3 1 0
github.com/the-financial-workspace/backend/internal/handlers/categories.go:331.2,331.76 1 0
github.com/the-financial-workspace/backend/internal/handlers/categories.go:331.76,333.3 1 0
github.com/the-financial-workspace/backend/internal/handlers/categories.go:335.2,345.47 4 0
github.com/the-financial-workspace/backend/internal/handlers/categories.go:345.47,347.3 1 0
github.com/the-financial-workspace/backend/internal/handlers/categories.go:349.2,350.72 2 0
github.com/the-financial-workspace/backend/internal/handlers/categories.go:350.72,352.3 1 0
github.com/the-financial-workspace/backend/internal/handlers/categories.go:355.2,357.37 3 0
github.com/the-financial-workspace/backend/internal/handlers/categories.go:357.37,359.3 1 0
github.com/the-financial-workspace/backend/internal/handlers/categories.go:362.2,367.37 3 0
github.com/the-financial-workspace/backend/internal/handlers/categories.go:367.37,369.3 1 0
github.com/the-financial-workspace/backend/internal/handlers/categories.go:371.2,373.44 2 0
github.com/the-financial-workspace/backend/internal/handlers/collaborators.go:15.44,17.9 2 0
github.com/the-financial-workspace/backend/internal/handlers/collaborators.go:17.9,19.3 1 0
github.com/the-financial-workspace/backend/internal/handlers/collaborators.go:21.2,22.9 2 0
github.com/the-financial-workspace/backend/internal/handlers/collaborators.go:22.9,24.3 1 0
github.com/the-financial-workspace/backend/internal/handlers/collaborators.go:26.2,26.61 1 0
github.com/the-financial-workspace/backend/internal/handlers/collaborators.go:26.61,28.3 1 0
github.com/the-financial-workspace/backend/internal/handlers/collaborators.go:30.2,37.47 3 0
github.com/the-financial-workspace/backend/internal/handlers/collaborators.go:37.47,39.3 1 0
github.com/the-financial-workspace/backend/internal/handlers/collaborators.go:41.2,42.61 2 0
github.com/the-financial-workspace/backend/internal/handlers/collaborators.go:42.61,44.3 1 0
github.com/the-financial-workspace/backend/internal/handlers/collaborators.go:46.2,46.26 1 0
github.com/the-financial-workspace/backend/internal/handlers/collaborators.go:46.26,48.3 1 0
github.com/the-financial-workspace/backend/internal/handlers/collaborators.go:51.2,51.28 1 0
github.com/the-financial-workspace/backend/internal/handlers/collaborators.go:51.28,53.40 2 0
github.com/the-financial-workspace/backend/internal/handlers/collaborators.go:53.40,55.4 1 0
github.com/the-financial-workspace/backend/internal/handlers/collaborators.go:57.3,63.58 3 0
github.com/the-financial-workspace/backend/internal/handlers/collaborators.go:63.58,65.65 2 0
github.com/the-financial-workspace/backend/internal/handlers/collaborators.go:65.65,68.29 2 0
github.com/the-financial-workspace/backend/internal/handlers/collaborators.go:68.29,70.6 1 0
github.com/the-financial-workspace/backend/internal/handlers/collaborators.go:71.5,71.34 1 0
github.com/the-financial-workspace/backend/internal/handlers/collaborators.go:71.34,72.67 1 0
github.com/the-financial-workspace/backend/internal/handlers/collaborators.go:72.67,74.7 1 0
github.com/the-financial-workspace/backend/internal/handlers/collaborators.go:80.2,80.30 1 0
github.com/the-financial-workspace/backend/internal/handlers/collaborators.go:86.45,88.9 2 0
github.com/the-financial-workspace/backend/internal/handlers/collaborators.go:88.9,90.3 1 0
github.com/the-financial-workspace/backend/internal/handlers/collaborators.go:92.2,93.9 2 0
github.com/the-financial-workspace/backend/internal/handlers/collaborators.go:93.9,95.3 1 0
github.com/the-financial-workspace/backend/internal/handlers/collaborators.go:97.2,98.9 2 0
github.com/the-financial-workspace/backend/internal/handlers/collaborators.go:98.9,100.3 1 0
github.com/the-financial-workspace/backend/internal/handlers/collaborators.go:103.2,103.64 1 0
github.com/the-financial-workspace/backend/internal/handlers/collaborators.go:103.64,105.3 1 0
github.com/the-financial-workspace/backend/internal/handlers/collaborators.go:108.2,108.28 1 0
github.com/the-financial-workspace/backend/internal/handlers/collaborators.go:108.28,110.3 1 0
github.com/the-financial-workspace/backend/internal/handlers/collaborators.go:113.2,120.47 3 0
github.com/the-financial-workspace/backend/internal/handlers/collaborators.go:120.47,122.3 1 0
github.com/the-financial-workspace/backend/internal/handlers/collaborators.go:124.2,125.72 2 0
github.com/the-financial-workspace/backend/internal/handlers/collaborators.go:125.72,127.3 1 0
github.com/the-financial-workspace/backend/internal/handlers/collaborators.go:130.2,136.37 3 0
github.com/the-financial-workspace/backend/internal/handlers/collaborators.go:136.37,138.3 1 0
github.com/the-financial-workspace/backend/internal/handlers/collaborators.go:140.2,144.44 2 0
github.com/the-financial-workspace/backend/internal/handlers/expenses.go:19.62,24.36 4 1
github.com/the-financial-workspace/backend/internal/handlers/expenses.go:24.36,25.53 1 1
github.com/the-financial-workspace/backend/internal/handlers/expenses.go:25.53,27.4 1 1
github.com/the-financial-workspace/backend/internal/handlers/expenses.go:29.2,29.22 1 1
github.com/the-financial-workspace/backend/internal/handlers/expenses.go:29.22,31.3 1 1
github.com/the-financial-workspace/backend/internal/handlers/expenses.go:33.2,34.37 2 1
github.com/the-financial-workspace/backend/internal/handlers/expenses.go:34.37,35.54 1 1
github.com/the-financial-workspace/backend/internal/handlers/expenses.go:35.54,37.4 1 1
github.com/the-financial-workspace/backend/internal/handlers/expenses.go:39.2,39.22 1 1
github.com/the-financial-workspace/backend/internal/handlers/expenses.go:43.39,45.9 2 1
github.com/the-financial-workspace/backend/internal/handlers/expenses.go:45.9,47.3 1 0
github.com/the-financial-workspace/backend/internal/handlers/expenses.go:49.2,50.9 2 1
github.com/the-financial-workspace/backend/internal/handlers/expenses.go:50.9,52.3 1 0
github.com/the-financial-workspace/backend/internal/handlers/expenses.go:54.2,54.61 1 1
github.com/the-financial-workspace/backend/internal/handlers/expenses.go:54.61,56.3 1 0
github.com/the-financial-workspace/backend/internal/handlers/expenses.go:58.2,69.47 4 1
github.com/the-financial-workspace/backend/internal/handlers/expenses.go:69.47,71.3 1 0
github.com/the-financial-workspace/backend/internal/handlers/expenses.go:73.2,74.56 2 1
github.com/the-financial-workspace/backend/internal/handlers/expenses.go:74.56,76.3 1 0
github.com/the-financial-workspace/backend/internal/handlers/expenses.go:78.2,78.21 1 1
github.com/the-financial-workspace/backend/internal/handlers/expenses.go:78.21,80.3 1 0
github.com/the-financial-workspace/backend/internal/handlers/expenses.go:82.2,82.25 1 1
github.com/the-financial-workspace/backend/internal/handlers/expenses.go:87.40,89.9 2 1
github.com/the-financial-workspace/backend/internal/handlers/expenses.go:89.9,91.3 1 0
github.com/the-financial-workspace/backend/internal/handlers/expenses.go:93.2,94.9 2 1
github.com/the-financial-workspace/backend/internal/handlers/expenses.go:94.9,96.3 1 0
github.com/the-financial-workspace/backend/internal/handlers/expenses.go:98.2,99.43 2 1
github.com/the-financial-workspace/backend/internal/handlers/expenses.go:99.43,101.3 1 0
github.com/the-financial-workspace/backend/internal/handlers/expenses.go:104.2,108.32 3 1
github.com/the-financial-workspace/backend/internal/handlers/expenses.go:108.32,110.3 1 1
github.com/the-financial-workspace/backend/internal/handlers/expenses.go:111.2,111.21 1 1
github.com/the-financial-workspace/backend/internal/handlers/expenses.go:111.21,113.3 1 1
github.com/the-financial-workspace/backend/internal/handlers/expenses.go:114.2,114.33 1 1
github.com/the-financial-workspace/backend/internal/handlers/expenses.go:114.33,116.3 1 1
github.com/the-financial-workspace/backend/internal/handlers/expenses.go:117.2,117.49 1 1
github.com/the-financial-workspace/backend/internal/handlers/expenses.go:117.49,119.3 1 1
github.com/the-financial-workspace/backend/internal/handlers/expenses.go:120.2,120.27 1 1
github.com/the-financial-workspace/backend/internal/handlers/expenses.go:120.27,122.3 1 0
github.com/the-financial-workspace/backend/internal/handlers/expenses.go:123.2,123.35 1 1
github.com/the-financial-workspace/backend/internal/handlers/expenses.go:123.35,125.3 1 1
github.com/the-financial-workspace/backend/internal/handlers/expenses.go:126.2,126.43 1 1
github.com/the-financial-workspace/backend/internal/handlers/expenses.go:126.43,128.3 1 0
github.com/the-financial-workspace/backend/internal/handlers/expenses.go:130.2,130.61 1 1
github.com/the-financial-workspace/backend/internal/handlers/expenses.go:130.61,132.3 1 0
github.com/the-financial-workspace/backend/internal/handlers/expenses.go:135.2,135.80 1 1
github.com/the-financial-workspace/backend/internal/handlers/expenses.go:135.80,137.3 1 0
github.com/the-financial-workspace/backend/internal/handlers/expenses.go:139.2,167.16 7 1
github.com/the-financial-workspace/backend/internal/handlers/expenses.go:167.16,169.3 1 0
github.com/the-financial-workspace/backend/internal/handlers/expenses.go:171.2,172.52 2 1
github.com/the-financial-workspace/backend/internal/handlers/expenses.go:172.52,174.3 1 0
github.com/the-financial-workspace/backend/internal/handlers/expenses.go:176.2,178.52 2 1
github.com/the-financial-workspace/backend/internal/handlers/expenses.go:183.40,185.9 2 0
github.com/the-financial-workspace/backend/internal/handlers/expenses.go:185.9,187.3 1 0
github.com/the-financial-workspace/backend/internal/handlers/expenses.go:189.2,190.9 2 0
github.com/the-financial-workspace/backend/internal/handlers/expenses.go:190.9,192.3 1 0
github.com/the-financial-workspace/backend/internal/handlers/expenses.go:194.2,195.9 2 0
github.com/the-financial-workspace/backend/internal/handlers/expenses.go:195.9,197.3 1 0
github.com/the-financial-workspace/backend/internal/handlers/expenses.go:199.2,200.43 2 0
github.com/the-financial-workspace/backend/internal/handlers/expenses.go:200.43,202.3 1 0
github.com/the-financial-workspace/backend/internal/handlers/expenses.go:205.2,205.28 1 0
github.com/the-financial-workspace/backend/internal/handlers/expenses.go:205.28,208.3 2 0
github.com/the-financial-workspace/backend/internal/handlers/expenses.go:209.2,209.28 1 0
github.com/the-financial-workspace/backend/internal/handlers/expenses.go:209.28,212.3 2 0
github.com/the-financial-workspace/backend/internal/handlers/expenses.go:215.2,215.43 1 0
github.com/the-financial-workspace/backend/internal/handlers/expenses.go:215.43,217.3 1 0
github.com/the-financial-workspace/backend/internal/handlers/expenses.go:218.2,218.55 1 0
github.com/the-financial-workspace/backend/internal/handlers/expenses.go:218.55,220.3 1 0
github.com/the-financial-workspace/backend/internal/handlers/expenses.go:221.2,221.76 1 0
github.com/the-financial-workspace/backend/internal/handlers/expenses.go:221.76,223.3 1 0
github.com/the-financial-workspace/backend/internal/handlers/expenses.go:224.2,224.28 1 0
github.com/the-financial-workspace/backend/internal/handlers/expenses.go:224.28,225.29 1 0
github.com/the-financial-workspace/backend/internal/handlers/expenses.go:225.29,227.4 1 0
github.com/the-financial-workspace/backend/internal/handlers/expenses.go:228.3,228.37 1 0
github.com/the-financial-workspace/backend/internal/handlers/expenses.go:228.37,230.4 1 0
github.com/the-financial-workspace/backend/internal/handlers/expenses.go:231.3,231.45 1 0
github.com/the-financial-workspace/backend/internal/handlers/expenses.go:231.45,233.4 1 0
github.com/the-financial-workspace/backend/internal/handlers/expenses.go:236.2,236.61 1 0
github.com/the-financial-workspace/backend/internal/handlers/expenses.go:236.61,238.3 1 0
github.com/the-financial-workspace/backend/internal/handlers/expenses.go:241.2,248.47 3 0
github.com/the-financial-workspace/backend/internal/handlers/expenses.go:248.47,250.3 1 0
github.com/the-financial-workspace/backend/internal/handlers/expenses.go:252.2,253.78 2 0
github.com/the-financial-workspace/backend/internal/handlers/expenses.go:253.78,255.3 1 0
github.com/the-financial-workspace/backend/internal/handlers/expenses.go:257.2,260.27 2 0
github.com/the-financial-workspace/backend/internal/handlers/expenses.go:260.27,261.82 1 0
github.com/the-financial-workspace/backend/internal/handlers/expenses.go:261.82,263.4 1 0
github.com/the-financial-workspace/backend/internal/handlers/expenses.go:264.3,264.35 1 0
github.com/the-financial-workspace/backend/internal/handlers/expenses.go:266.2,266.23 1 0
github.com/the-financial-workspace/backend/internal/handlers/expenses.go:266.23,268.3 1 0
github.com/the-financial-workspace/backend/internal/handlers/expenses.go:269.2,269.28 1 0
github.com/the-financial-workspace/backend/internal/handlers/expenses.go:269.28,271.3 1 0
github.com/the-financial-workspace/backend/internal/handlers/expenses.go:272.2,272.28 1 0
github.com/the-financial-workspace/backend/internal/handlers/expenses.go:272.28,274.3 1 0
github.com/the-financial-workspace/backend/internal/handlers/expenses.go:276.2,287.16 5 0
github.com/the-financial-workspace/backend/internal/handlers/expenses.go:287.16,289.3 1 0
github.com/the-financial-workspace/backend/internal/handlers/expenses.go:291.2,297.47 3 0
github.com/the-financial-workspace/backend/internal/handlers/expenses.go:297.47,299.3 1 0
github.com/the-financial-workspace/backend/internal/handlers/expenses.go:301.2,303.20 2 0
github.com/the-financial-workspace/backend/internal/handlers/expenses.go:308.40,310.9 2 0
github.com/the-financial-workspace/backend/internal/handlers/expenses.go:310.9,312.3 1 0
github.com/the-financial-workspace/backend/internal/handlers/expenses.go:314.2,315.9 2 0
github.com/the-financial-workspace/backend/internal/handlers/expenses.go:315.9,317.3 1 0
github.com/the-financial-workspace/backend/internal/handlers/expenses.go:319.2,320.9 2 0
github.com/the-financial-workspace/backend/internal/handlers/expenses.go:320.9,322.3 1 0
github.com/the-financial-workspace/backend/internal/handlers/expenses.go:324.2,324.61 1 0
github.com/the-financial-workspace/backend/internal/handlers/expenses.go:324.61,326.3 1 0
github.com/the-financial-workspace/backend/internal/handlers/expenses.go:328.2,338.47 4 0
github.com/the-financial-workspace/backend/internal/handlers/expenses.go:338.47,340.3 1 0
github.com/the-financial-workspace/backend/internal/handlers/expenses.go:342.2,343.72 2 0
github.com/the-financial-workspace/backend/internal/handlers/expenses.go:343.72,345.3 1 0
github.com/the-financial-workspace/backend/internal/handlers/expenses.go:348.2,354.37 3 0
github.com/the-financial-workspace/backend/internal/handlers/expenses.go:354.37,356.3 1 0
github.com/the-financial-workspace/backend/internal/handlers/expenses.go:358.2,360.44 2 0
github.com/the-financial-workspace/backend/internal/handlers/invites.go:32.30,34.2 1 1
github.com/the-financial-workspace/backend/internal/handlers/invites.go:37.39,39.9 2 0
github.com/the-financial-workspace/backend/internal/handlers/invites.go:39.9,41.3 1 0
github.com/the-financial-workspace/backend/internal/handlers/invites.go:43.2,44.9 2 0
github.com/the-financial-workspace/backend/internal/handlers/invites.go:44.9,46.3 1 0
github.com/the-financial-workspace/backend/internal/handlers/invites.go:48.2,48.64 1 0
github.com/the-financial-workspace/backend/internal/handlers/invites.go:48.64,50.3 1 0
github.com/the-financial-workspace/backend/internal/handlers/invites.go:53.2,54.49 2 0
github.com/the-financial-workspace/backend/internal/handlers/invites.go:54.49,56.3 1 0
github.com/the-financial-workspace/backend/internal/handlers/invites.go:57.2,72.16 7 0
github.com/the-financial-workspace/backend/internal/handlers/invites.go:72.16,74.3 1 0
github.com/the-financial-workspace/backend/internal/handlers/invites.go:76.2,77.52 2 0
github.com/the-financial-workspace/backend/internal/handlers/invites.go:77.52,79.3 1 0
github.com/the-financial-workspace/backend/internal/handlers/invites.go:81.2,85.4 1 0
github.com/the-financial-workspace/backend/internal/handlers/invites.go:89.40,91.17 2 0
github.com/the-financial-workspace/backend/internal/handlers/invites.go:91.17,93.3 1 0
github.com/the-financial-workspace/backend/internal/handlers/invites.go:94.2,94.39 1 0
github.com/the-financial-workspace/backend/internal/handlers/invites.go:94.39,96.3 1 0
github.com/the-financial-workspace/backend/internal/handlers/invites.go:99.2,105.47 3 0
github.com/the-financial-workspace/backend/internal/handlers/invites.go:105.47,107.3 1 0
github.com/the-financial-workspace/backend/internal/handlers/invites.go:109.2,110.76 2 0
github.com/the-financial-workspace/backend/internal/handlers/invites.go:110.76,112.3 1 0
github.com/the-financial-workspace/backend/internal/handlers/invites.go:114.2,123.55 4 0
github.com/the-financial-workspace/backend/internal/handlers/invites.go:123.55,125.3 1 0
github.com/the-financial-workspace/backend/internal/handlers/invites.go:127.2,130.82 2 0
github.com/the-financial-workspace/backend/internal/handlers/invites.go:130.82,132.3 1 0
github.com/the-financial-workspace/backend/internal/handlers/invites.go:135.2,142.57 4 0
github.com/the-financial-workspace/backend/internal/handlers/invites.go:142.57,146.85 2 0
github.com/the-financial-workspace/backend/internal/handlers/invites.go:146.85,148.4 1 0
github.com/the-financial-workspace/backend/internal/handlers/invites.go:152.2,154.21 3 0
github.com/the-financial-workspace/backend/internal/handlers/invites.go:154.21,156.3 1 0
github.com/the-financial-workspace/backend/internal/handlers/invites.go:157.2,157.58 1 0
github.com/the-financial-workspace/backend/internal/handlers/invites.go:157.58,159.3 1 0
github.com/the-financial-workspace/backend/internal/handlers/invites.go:161.2,167.4 1 0
github.com/the-financial-workspace/backend/internal/handlers/invites.go:172.39,174.9 2 0
github.com/the-financial-workspace/backend/internal/handlers/invites.go:174.9,176.3 1 0
github.com/the-financial-workspace/backend/internal/handlers/invites.go:178.2,179.17 2 0
github.com/the-financial-workspace/backend/internal/handlers/invites.go:179.17,181.3 1 0
github.com/the-financial-workspace/backend/internal/handlers/invites.go:182.2,182.39 1 0
github.com/the-financial-workspace/backend/internal/handlers/invites.go:182.39,184.3 1 0
github.com/the-financial-workspace/backend/internal/handlers/invites.go:187.2,193.47 3 0
github.com/the-financial-workspace/backend/internal/handlers/invites.go:193.47,195.3 1 0
github.com/the-financial-workspace/backend/internal/handlers/invites.go:197.2,198.76 2 0
github.com/the-financial-workspace/backend/internal/handlers/invites.go:198.76,200.3 1 0
github.com/the-financial-workspace/backend/internal/handlers/invites.go:202.2,204.26 2 0
github.com/the-financial-workspace/backend/internal/handlers/invites.go:204.26,206.3 1 0
github.com/the-financial-workspace/backend/internal/handlers/invites.go:209.2,210.21 2 0
github.com/the-financial-workspace/backend/internal/handlers/invites.go:210.21,212.3 1 0
github.com/the-financial-workspace/backend/internal/handlers/invites.go:213.2,213.58 1 0
github.com/the-financial-workspace/backend/internal/handlers/invites.go:213.58,215.3 1 0
github.com/the-financial-workspace/backend/internal/handlers/invites.go:218.2,225.53 3 0
github.com/the-financial-workspace/backend/internal/handlers/invites.go:225.53,227.87 2 0
github.com/the-financial-workspace/backend/internal/handlers/invites.go:227.87,229.4 1 0
github.com/the-financial-workspace/backend/internal/handlers/invites.go:233.2,240.55 3 0
github.com/the-financial-workspace/backend/internal/handlers/invites.go:240.55,242.90 2 0
github.com/the-financial-workspace/backend/internal/handlers/invites.go:242.90,244.4 1 0
github.com/the-financial-workspace/backend/internal/handlers/invites.go:247.2,255.16 4 0
github.com/the-financial-workspace/backend/internal/handlers/invites.go:255.16,257.3 1 0
github.com/the-financial-workspace/backend/internal/handlers/invites.go:259.2,264.47 3 0
github.com/the-financial-workspace/backend/internal/handlers/invites.go:264.47,266.3 1 0
github.com/the-financial-workspace/backend/internal/handlers/invites.go:269.2,278.16 4 0
github.com/the-financial-workspace/backend/internal/handlers/invites.go:278.16,280.3 1 0
github.com/the-financial-workspace/backend/internal/handlers/invites.go:282.2,283.52 2 0
github.com/the-financial-workspace/backend/internal/handlers/invites.go:283.52,285.3 1 0
github.com/the-financial-workspace/backend/internal/handlers/invites.go:288.2,294.55 3 0
github.com/the-financial-workspace/backend/internal/handlers/invites.go:294.55,296.3 1 0
github.com/the-financial-workspace/backend/internal/handlers/invites.go:298.2,299.82 2 0
github.com/the-financial-workspace/backend/internal/handlers/invites.go:299.82,301.3 1 0
github.com/the-financial-workspace/backend/internal/handlers/invites.go:303.2,307.27 2 0
github.com/the-financial-workspace/backend/internal/handlers/migrate.go:70.34,72.9 2 0
github.com/the-financial-workspace/backend/internal/handlers/migrate.go:72.9,74.3 1 0
github.com/the-financial-workspace/backend/internal/handlers/migrate.go:76.2,77.43 2 0
github.com/the-financial-workspace/backend/internal/handlers/migrate.go:77.43,79.3 1 0
github.com/the-financial-workspace/backend/internal/handlers/migrate.go:81.2,81.27 1 0
github.com/the-financial-workspace/backend/internal/handlers/migrate.go:81.27,83.3 1 0
github.com/the-financial-workspace/backend/internal/handlers/migrate.go:84.2,84.42 1 0
github.com/the-financial-workspace/backend/internal/handlers/migrate.go:84.42,86.3 1 0
github.com/the-financial-workspace/backend/internal/handlers/migrate.go:88.2,90.33 2 0
github.com/the-financial-workspace/backend/internal/handlers/migrate.go:90.33,92.17 2 0
github.com/the-financial-workspace/backend/internal/handlers/migrate.go:92.17,94.46 1 0
github.com/the-financial-workspace/backend/internal/handlers/migrate.go:94.46,96.5 1 0
github.com/the-financial-workspace/backend/internal/handlers/migrate.go:97.4,97.38 1 0
github.com/the-financial-workspace/backend/internal/handlers/migrate.go:99.3,99.50 1 0
github.com/the-financial-workspace/backend/internal/handlers/migrate.go:102.2,104.4 1 0
github.com/the-financial-workspace/backend/internal/handlers/migrate.go:109.85,119.19 6 0
github.com/the-financial-workspace/backend/internal/handlers/migrate.go:119.19,121.3 1 0
github.com/the-financial-workspace/backend/internal/handlers/migrate.go:122.2,122.34 1 0
github.com/the-financial-workspace/backend/internal/handlers/migrate.go:122.34,124.3 1 0
github.com/the-financial-workspace/backend/internal/handlers/migrate.go:125.2,125.27 1 0
github.com/the-financial-workspace/backend/internal/handlers/migrate.go:125.27,127.3 1 0
github.com/the-financial-workspace/backend/internal/handlers/migrate.go:128.2,128.39 1 0
github.com/the-financial-workspace/backend/internal/handlers/migrate.go:128.39,130.3 1 0
github.com/the-financial-workspace/backend/internal/handlers/migrate.go:131.2,131.52 1 0
github.com/the-financial-workspace/backend/internal/handlers/migrate.go:131.52,133.3 1 0
github.com/the-financial-workspace/backend/internal/handlers/migrate.go:134.2,134.52 1 0
github.com/the-financial-workspace/backend/internal/handlers/migrate.go:134.52,136.3 1 0
github.com/the-financial-workspace/backend/internal/handlers/migrate.go:139.2,139.23 1 0
github.com/the-financial-workspace/backend/internal/handlers/migrate.go:139.23,141.3 1 0
github.com/the-financial-workspace/backend/internal/handlers/migrate.go:142.2,142.55 1 0
github.com/the-financial-workspace/backend/internal/handlers/migrate.go:142.55,144.3 1 0
github.com/the-financial-workspace/backend/internal/handlers/migrate.go:145.2,145.19 1 0
github.com/the-financial-workspace/backend/internal/handlers/migrate.go:145.19,147.3 1 0
github.com/the-financial-workspace/backend/internal/handlers/migrate.go:148.2,148.32 1 0
github.com/the-financial-workspace/backend/internal/handlers/migrate.go:148.32,150.3 1 0
github.com/the-financial-workspace/backend/internal/handlers/migrate.go:151.2,151.39 1 0
github.com/the-financial-workspace/backend/internal/handlers/migrate.go:151.39,153.3 1 0
github.com/the-financial-workspace/backend/internal/handlers/migrate.go:156.2,168.16 3 0
github.com/the-financial-workspace/backend/internal/handlers/migrate.go:168.16,170.3 1 0
github.com/the-financial-workspace/backend/internal/handlers/migrate.go:172.2,173.52 2 0
github.com/the-financial-workspace/backend/internal/handlers/migrate.go:173.52,175.3 1 0
github.com/the-financial-workspace/backend/internal/handlers/migrate.go:178.2,180.33 2 0
github.com/the-financial-workspace/backend/internal/handlers/migrate.go:180.33,181.52 1 0
github.com/the-financial-workspace/backend/internal/handlers/migrate.go:181.52,183.4 1 0
github.com/the-financial-workspace/backend/internal/handlers/migrate.go:185.3,196.17 4 0
github.com/the-financial-workspace/backend/internal/handlers/migrate.go:196.17,198.4 1 0
github.com/the-financial-workspace/backend/internal/handlers/migrate.go:200.3,201.53 2 0
github.com/the-financial-workspace/backend/internal/handlers/migrate.go:201.53,203.4 1 0
github.com/the-financial-workspace/backend/internal/handlers/migrate.go:205.3,205.36 1 0
github.com/the-financial-workspace/backend/internal/handlers/migrate.go:205.36,206.54 1 0
github.com/the-financial-workspace/backend/internal/handlers/migrate.go:206.54,208.5 1 0
github.com/the-financial-workspace/backend/internal/handlers/migrate.go:210.4,211.24 2 0
github.com/the-financial-workspace/backend/internal/handlers/migrate.go:211.24,213.5 1 0
github.com/the-financial-workspace/backend/internal/handlers/migrate.go:215.4,225.18 3 0
github.com/the-financial-workspace/backend/internal/handlers/migrate.go:225.18,227.5 1 0
github.com/the-financial-workspace/backend/internal/handlers/migrate.go:229.4,230.54 2 0
github.com/the-financial-workspace/backend/internal/handlers/migrate.go:230.54,232.5 1 0
github.com/the-financial-workspace/backend/internal/handlers/migrate.go:237.2,237.33 1 0
github.com/the-financial-workspace/backend/internal/handlers/migrate.go:237.33,238.52 1 0
github.com/the-financial-workspace/backend/internal/handlers/migrate.go:238.52,240.4 1 0
github.com/the-financial-workspace/backend/internal/handlers/migrate.go:242.3,243.10 2 0
github.com/the-financial-workspace/backend/internal/handlers/migrate.go:243.10,244.12 1 0
github.com/the-financial-workspace/backend/internal/handlers/migrate.go:247.3,248.24 2 0
github.com/the-financial-workspace/backend/internal/handlers/migrate.go:248.24,250.4 1 0
github.com/the-financial-workspace/backend/internal/handlers/migrate.go:252.3,262.17 3 0
github.com/the-financial-workspace/backend/internal/handlers/migrate.go:262.17,264.4 1 0
github.com/the-financial-workspace/backend/internal/handlers/migrate.go:266.3,267.53 2 0
github.com/the-financial-workspace/backend/internal/handlers/migrate.go:267.53,269.4 1 0
github.com/the-financial-workspace/backend/internal/handlers/migrate.go:272.2,282.8 1 0
github.com/the-financial-workspace/backend/internal/handlers/migrate.go:286.54,289.51 3 1
github.com/the-financial-workspace/backend/internal/handlers/migrate.go:289.51,291.3 1 1
github.com/the-financial-workspace/backend/internal/handlers/migrate.go:292.2,292.34 1 1
github.com/the-financial-workspace/backend/internal/handlers/migrate.go:292.34,294.3 1 1
github.com/the-financial-workspace/backend/internal/handlers/migrate.go:295.2,295.60 1 1
github.com/the-financial-workspace/backend/internal/handlers/migrate.go:295.60,297.3 1 1
github.com/the-financial-workspace/backend/internal/handlers/migrate.go:298.2,298.55 1 1
github.com/the-financial-workspace/backend/internal/handlers/migrate.go:298.55,300.3 1 1
github.com/the-financial-workspace/backend/internal/handlers/migrate.go:301.2,301.12 1 1
github.com/the-financial-workspace/backend/internal/handlers/migrate.go:305.56,308.51 3 1
github.com/the-financial-workspace/backend/internal/handlers/migrate.go:308.51,310.3 1 1
github.com/the-financial-workspace/backend/internal/handlers/migrate.go:311.2,311.34 1 1
github.com/the-financial-workspace/backend/internal/handlers/migrate.go:311.34,313.3 1 1
github.com/the-financial-workspace/backend/internal/handlers/migrate.go:314.2,314.60 1 1
github.com/the-financial-workspace/backend/internal/handlers/migrate.go:314.60,316.3 1 1
github.com/the-financial-workspace/backend/internal/handlers/migrate.go:317.2,317.12 1 1
github.com/the-financial-workspace/backend/internal/handlers/migrate.go:321.54,324.20 3 1
github.com/the-financial-workspace/backend/internal/handlers/migrate.go:324.20,326.3 1 1
github.com/the-financial-workspace/backend/internal/handlers/migrate.go:327.2,327.32 1 1
github.com/the-financial-workspace/backend/internal/handlers/migrate.go:327.32,329.3 1 1
github.com/the-financial-workspace/backend/internal/handlers/migrate.go:330.2,330.48 1 1
github.com/the-financial-workspace/backend/internal/handlers/migrate.go:330.48,332.3 1 1
github.com/the-financial-workspace/backend/internal/handlers/migrate.go:333.2,333.58 1 1
github.com/the-financial-workspace/backend/internal/handlers/migrate.go:333.58,335.3 1 1
github.com/the-financial-workspace/backend/internal/handlers/migrate.go:336.2,336.66 1 1
github.com/the-financial-workspace/backend/internal/handlers/migrate.go:336.66,338.3 1 0
github.com/the-financial-workspace/backend/internal/handlers/migrate.go:339.2,339.12 1 1
github.com/the-financial-workspace/backend/internal/handlers/sections.go:28.39,30.9 2 1
github.com/the-financial-workspace/backend/internal/handlers/sections.go:30.9,32.3 1 0
github.com/the-financial-workspace/backend/internal/handlers/sections.go:34.2,35.9 2 1
github.com/the-financial-workspace/backend/internal/handlers/sections.go:35.9,37.3 1 0
github.com/the-financial-workspace/backend/internal/handlers/sections.go:39.2,39.61 1 1
github.com/the-financial-workspace/backend/internal/handlers/sections.go:39.61,41.3 1 0
github.com/the-financial-workspace/backend/internal/handlers/sections.go:44.2,51.47 3 1
github.com/the-financial-workspace/backend/internal/handlers/sections.go:51.47,53.3 1 0
github.com/the-financial-workspace/backend/internal/handlers/sections.go:55.2,56.63 2 1
github.com/the-financial-workspace/backend/internal/handlers/sections.go:56.63,58.3 1 0
github.com/the-financial-workspace/backend/internal/handlers/sections.go:60.2,60.21 1 1
github.com/the-financial-workspace/backend/internal/handlers/sections.go:60.21,62.3 1 0
[...]
github.com/the-financial-workspace/backend/internal/handlers/summary.go:183.33,185.3 1 0
github.com/the-financial-workspace/backend/internal/handlers/summary.go:188.2,189.29 2 1
github.com/the-financial-workspace/backend/internal/handlers/summary.go:189.29,191.3 1 1
github.com/the-financial-workspace/backend/internal/handlers/summary.go:193.2,194.25 2 1
github.com/the-financial-workspace/backend/internal/handlers/summary.go:194.25,196.17 2 1
github.com/the-financial-workspace/backend/internal/handlers/summary.go:196.17,198.4 1 0
github.com/the-financial-workspace/backend/internal/handlers/summary.go:203.2,204.33 2 1
github.com/the-financial-workspace/backend/internal/handlers/summary.go:204.33,206.3 1 0
github.com/the-financial-workspace/backend/internal/handlers/summary.go:210.2,215.31 3 1
github.com/the-financial-workspace/backend/internal/handlers/summary.go:215.31,217.17 2 0
github.com/the-financial-workspace/backend/internal/handlers/summary.go:217.17,220.4 2 0
github.com/the-financial-workspace/backend/internal/handlers/summary.go:221.3,222.14 2 0
github.com/the-financial-workspace/backend/internal/handlers/summary.go:230.2,234.35 4 1
github.com/the-financial-workspace/backend/internal/handlers/summary.go:234.35,241.28 5 1
github.com/the-financial-workspace/backend/internal/handlers/summary.go:241.28,246.42 4 0
github.com/the-financial-workspace/backend/internal/handlers/summary.go:246.42,249.5 2 0
github.com/the-financial-workspace/backend/internal/handlers/summary.go:250.4,265.6 2 0
github.com/the-financial-workspace/backend/internal/handlers/summary.go:268.3,276.5 3 1
github.com/the-financial-workspace/backend/internal/handlers/summary.go:279.2,288.21 3 1
github.com/the-financial-workspace/backend/internal/handlers/summary.go:299.42,301.9 2 1
github.com/the-financial-workspace/backend/internal/handlers/summary.go:301.9,303.3 1 0
github.com/the-financial-workspace/backend/internal/handlers/summary.go:305.2,306.9 2 1
github.com/the-financial-workspace/backend/internal/handlers/summary.go:306.9,308.3 1 0
github.com/the-financial-workspace/backend/internal/handlers/summary.go:310.2,310.61 1 1
github.com/the-financial-workspace/backend/internal/handlers/summary.go:310.61,312.3 1 0
github.com/the-financial-workspace/backend/internal/handlers/summary.go:315.2,322.20 3 1
github.com/the-financial-workspace/backend/internal/handlers/summary.go:322.20,325.22 3 1
github.com/the-financial-workspace/backend/internal/handlers/summary.go:325.22,327.4 1 0
github.com/the-financial-workspace/backend/internal/handlers/summary.go:328.3,328.13 1 1
github.com/the-financial-workspace/backend/internal/handlers/summary.go:331.2,331.20 1 1
github.com/the-financial-workspace/backend/internal/handlers/summary.go:331.20,335.22 3 1
github.com/the-financial-workspace/backend/internal/handlers/summary.go:335.22,337.4 1 0
github.com/the-financial-workspace/backend/internal/handlers/summary.go:338.3,338.13 1 1
github.com/the-financial-workspace/backend/internal/handlers/summary.go:341.2,341.33 1 1
github.com/the-financial-workspace/backend/internal/handlers/summary.go:341.33,343.3 1 0
github.com/the-financial-workspace/backend/internal/handlers/summary.go:346.2,347.29 2 1
github.com/the-financial-workspace/backend/internal/handlers/summary.go:347.29,349.3 1 1
github.com/the-financial-workspace/backend/internal/handlers/summary.go:351.2,352.25 2 1
github.com/the-financial-workspace/backend/internal/handlers/summary.go:352.25,355.17 3 1
github.com/the-financial-workspace/backend/internal/handlers/summary.go:355.17,357.4 1 0
github.com/the-financial-workspace/backend/internal/handlers/summary.go:361.2,362.33 2 1
github.com/the-financial-workspace/backend/internal/handlers/summary.go:362.33,364.3 1 0
github.com/the-financial-workspace/backend/internal/handlers/summary.go:367.2,368.34 2 1
github.com/the-financial-workspace/backend/internal/handlers/summary.go:368.34,370.10 2 0
github.com/the-financial-workspace/backend/internal/handlers/summary.go:370.10,371.12 1 0
github.com/the-financial-workspace/backend/internal/handlers/summary.go:373.3,373.40 1 0
github.com/the-financial-workspace/backend/internal/handlers/summary.go:373.40,375.4 1 0
github.com/the-financial-workspace/backend/internal/handlers/summary.go:377.3,377.60 1 0
github.com/the-financial-workspace/backend/internal/handlers/summary.go:381.2,382.35 2 1
github.com/the-financial-workspace/backend/internal/handlers/summary.go:382.35,385.37 3 1
github.com/the-financial-workspace/backend/internal/handlers/summary.go:385.37,390.4 1 0
github.com/the-financial-workspace/backend/internal/handlers/summary.go:392.3,398.5 2 1
github.com/the-financial-workspace/backend/internal/handlers/summary.go:401.2,406.21 2 1
github.com/the-financial-workspace/backend/internal/handlers/summary.go:411.54,412.35 1 1
github.com/the-financial-workspace/backend/internal/handlers/summary.go:412.35,415.45 3 1
github.com/the-financial-workspace/backend/internal/handlers/summary.go:415.45,418.4 2 1
github.com/the-financial-workspace/backend/internal/handlers/summary.go:419.3,419.20 1 1
github.com/the-financial-workspace/backend/internal/handlers/summary.go:426.62,433.16 3 1
github.com/the-financial-workspace/backend/internal/handlers/summary.go:433.16,435.3 1 0
github.com/the-financial-workspace/backend/internal/handlers/summary.go:436.2,436.33 1 1
github.com/the-financial-workspace/backend/internal/handlers/summary.go:436.33,438.3 1 0
github.com/the-financial-workspace/backend/internal/handlers/summary.go:440.2,441.55 2 1
github.com/the-financial-workspace/backend/internal/handlers/summary.go:441.55,443.3 1 0
github.com/the-financial-workspace/backend/internal/handlers/summary.go:444.2,444.23 1 1
github.com/the-financial-workspace/backend/internal/handlers/summary.go:444.23,446.3 1 0
github.com/the-financial-workspace/backend/internal/handlers/summary.go:447.2,447.25 1 1
github.com/the-financial-workspace/backend/internal/handlers/summary.go:451.66,459.16 3 1
github.com/the-financial-workspace/backend/internal/handlers/summary.go:459.16,461.3 1 0
github.com/the-financial-workspace/backend/internal/handlers/summary.go:462.2,462.33 1 1
github.com/the-financial-workspace/backend/internal/handlers/summary.go:462.33,464.3 1 0
github.com/the-financial-workspace/backend/internal/handlers/summary.go:466.2,467.56 2 1
github.com/the-financial-workspace/backend/internal/handlers/summary.go:467.56,469.3 1 0
github.com/the-financial-workspace/backend/internal/handlers/summary.go:470.2,470.22 1 1
github.com/the-financial-workspace/backend/internal/handlers/summary.go:475.81,483.16 3 1
github.com/the-financial-workspace/backend/internal/handlers/summary.go:483.16,485.3 1 0
github.com/the-financial-workspace/backend/internal/handlers/summary.go:486.2,486.33 1 1
github.com/the-financial-workspace/backend/internal/handlers/summary.go:486.33,488.3 1 0
github.com/the-financial-workspace/backend/internal/handlers/summary.go:490.2,491.58 2 1
github.com/the-financial-workspace/backend/internal/handlers/summary.go:491.58,493.3 1 0
github.com/the-financial-workspace/backend/internal/handlers/summary.go:494.2,494.24 1 1
github.com/the-financial-workspace/backend/internal/handlers/summary.go:499.97,508.16 3 0
github.com/the-financial-workspace/backend/internal/handlers/summary.go:508.16,510.3 1 0
github.com/the-financial-workspace/backend/internal/handlers/summary.go:511.2,511.33 1 0
github.com/the-financial-workspace/backend/internal/handlers/summary.go:511.33,513.3 1 0
github.com/the-financial-workspace/backend/internal/handlers/summary.go:515.2,516.56 2 0
github.com/the-financial-workspace/backend/internal/handlers/summary.go:516.56,518.3 1 0
github.com/the-financial-workspace/backend/internal/handlers/summary.go:519.2,519.22 1 0
github.com/the-financial-workspace/backend/internal/handlers/summary.go:523.69,531.16 3 0
github.com/the-financial-workspace/backend/internal/handlers/summary.go:531.16,533.3 1 0
github.com/the-financial-workspace/backend/internal/handlers/summary.go:534.2,534.33 1 0
github.com/the-financial-workspace/backend/internal/handlers/summary.go:534.33,536.3 1 0
github.com/the-financial-workspace/backend/internal/handlers/summary.go:538.2,539.56 2 0
github.com/the-financial-workspace/backend/internal/handlers/summary.go:539.56,541.3 1 0
github.com/the-financial-workspace/backend/internal/handlers/summary.go:542.2,542.22 1 0
github.com/the-financial-workspace/backend/internal/handlers/summary.go:548.79,555.16 3 0
github.com/the-financial-workspace/backend/internal/handlers/summary.go:555.16,557.3 1 0
github.com/the-financial-workspace/backend/internal/handlers/summary.go:558.2,558.33 1 0
github.com/the-financial-workspace/backend/internal/handlers/summary.go:558.33,560.3 1 0
github.com/the-financial-workspace/backend/internal/handlers/summary.go:562.2,563.56 2 0
github.com/the-financial-workspace/backend/internal/handlers/summary.go:563.56,565.3 1 0
github.com/the-financial-workspace/backend/internal/handlers/summary.go:566.2,566.22 1 0
github.com/the-financial-workspace/backend/internal/handlers/summary.go:572.99,580.16 3 1
github.com/the-financial-workspace/backend/internal/handlers/summary.go:580.16,582.3 1 0
github.com/the-financial-workspace/backend/internal/handlers/summary.go:583.2,583.33 1 1
github.com/the-financial-workspace/backend/internal/handlers/summary.go:583.33,585.3 1 0
github.com/the-financial-workspace/backend/internal/handlers/summary.go:587.2,588.56 2 1
github.com/the-financial-workspace/backend/internal/handlers/summary.go:588.56,590.3 1 0
github.com/the-financial-workspace/backend/internal/handlers/summary.go:591.2,591.22 1 1
github.com/the-financial-workspace/backend/internal/handlers/summary.go:597.75,604.16 3 1
github.com/the-financial-workspace/backend/internal/handlers/summary.go:604.16,606.3 1 0
github.com/the-financial-workspace/backend/internal/handlers/summary.go:607.2,607.33 1 1
github.com/the-financial-workspace/backend/internal/handlers/summary.go:607.33,609.3 1 0
github.com/the-financial-workspace/backend/internal/handlers/summary.go:611.2,612.56 2 1
github.com/the-financial-workspace/backend/internal/handlers/summary.go:612.56,614.3 1 0
github.com/the-financial-workspace/backend/internal/handlers/summary.go:615.2,615.22 1 1
github.com/the-financial-workspace/backend/internal/handlers/validation.go:67.41,68.33 1 1
github.com/the-financial-workspace/backend/internal/handlers/validation.go:68.33,70.3 1 1
github.com/the-financial-workspace/backend/internal/handlers/validation.go:71.2,71.22 1 1
github.com/the-financial-workspace/backend/internal/handlers/validation.go:71.22,72.50 1 1
github.com/the-financial-workspace/backend/internal/handlers/validation.go:72.50,74.4 1 1
github.com/the-financial-workspace/backend/internal/handlers/validation.go:76.2,76.13 1 1
github.com/the-financial-workspace/backend/internal/handlers/validation.go:81.48,83.16 2 1
github.com/the-financial-workspace/backend/internal/handlers/validation.go:83.16,85.3 1 1
github.com/the-financial-workspace/backend/internal/handlers/validation.go:86.2,87.25 2 1
github.com/the-financial-workspace/backend/internal/handlers/validation.go:91.32,93.2 1 1
github.com/the-financial-workspace/backend/internal/handlers/validation.go:98.42,100.2 1 1
github.com/the-financial-workspace/backend/internal/handlers/validation.go:103.52,105.2 1 1
github.com/the-financial-workspace/backend/internal/handlers/validation.go:108.50,110.2 1 1
github.com/the-financial-workspace/backend/internal/handlers/validation.go:113.50,115.2 1 1
github.com/the-financial-workspace/backend/internal/handlers/validation.go:118.51,120.2 1 1
github.com/the-financial-workspace/backend/internal/handlers/validation.go:126.52,129.2 2 1
github.com/the-financial-workspace/backend/internal/handlers/validation.go:133.66,135.16 2 1
github.com/the-financial-workspace/backend/internal/handlers/validation.go:135.16,137.3 1 1
github.com/the-financial-workspace/backend/internal/handlers/validation.go:138.2,138.17 1 1
github.com/the-financial-workspace/backend/internal/handlers/validation.go:144.33,147.2 2 1
github.com/the-financial-workspace/backend/internal/handlers/validation.go:153.67,155.16 2 1
github.com/the-financial-workspace/backend/internal/handlers/validation.go:155.16,157.3 1 1
github.com/the-financial-workspace/backend/internal/handlers/validation.go:158.2,161.4 1 1
github.com/the-financial-workspace/backend/internal/handlers/validation.go:169.62,177.47 3 1
github.com/the-financial-workspace/backend/internal/handlers/validation.go:177.47,179.3 1 0
github.com/the-financial-workspace/backend/internal/handlers/validation.go:181.2,182.72 2 1
github.com/the-financial-workspace/backend/internal/handlers/validation.go:182.72,184.3 1 0
github.com/the-financial-workspace/backend/internal/handlers/validation.go:185.2,185.12 1 1
github.com/the-financial-workspace/backend/internal/handlers/validation.go:190.59,191.64 1 1
github.com/the-financial-workspace/backend/internal/handlers/validation.go:191.64,193.3 1 1
github.com/the-financial-workspace/backend/internal/handlers/validation.go:195.2,202.47 3 0
github.com/the-financial-workspace/backend/internal/handlers/validation.go:202.47,204.3 1 0
github.com/the-financial-workspace/backend/internal/handlers/validation.go:206.2,207.72 2 0
github.com/the-financial-workspace/backend/internal/handlers/validation.go:207.72,209.3 1 0
github.com/the-financial-workspace/backend/internal/handlers/validation.go:210.2,210.12 1 0
github.com/the-financial-workspace/backend/internal/handlers/validation.go:215.74,216.61 1 0
github.com/the-financial-workspace/backend/internal/handlers/validation.go:216.61,218.3 1 0
github.com/the-financial-workspace/backend/internal/handlers/validation.go:220.2,227.47 3 0
github.com/the-financial-workspace/backend/internal/handlers/validation.go:227.47,229.3 1 0
github.com/the-financial-workspace/backend/internal/handlers/validation.go:231.2,232.72 2 0
github.com/the-financial-workspace/backend/internal/handlers/validation.go:232.72,234.3 1 0
github.com/the-financial-workspace/backend/internal/handlers/validation.go:235.2,235.12 1 0
github.com/the-financial-workspace/backend/internal/handlers/validation.go:240.74,247.47 3 1
github.com/the-financial-workspace/backend/internal/handlers/validation.go:247.47,249.3 1 0
github.com/the-financial-workspace/backend/internal/handlers/validation.go:251.2,255.85 2 1
github.com/the-financial-workspace/backend/internal/handlers/validation.go:255.85,257.3 1 0
github.com/the-financial-workspace/backend/internal/handlers/validation.go:259.2,266.47 3 1
github.com/the-financial-workspace/backend/internal/handlers/validation.go:266.47,268.3 1 0
github.com/the-financial-workspace/backend/internal/handlers/validation.go:270.2,271.93 2 1
github.com/the-financial-workspace/backend/internal/handlers/validation.go:271.93,273.3 1 0
github.com/the-financial-workspace/backend/internal/handlers/validation.go:274.2,274.12 1 1
github.com/the-financial-workspace/backend/internal/handlers/validation.go:278.49,280.2 1 1
github.com/the-financial-workspace/backend/internal/handlers/ws.go:20.33,22.2 1 1
github.com/the-financial-workspace/backend/internal/handlers/ws.go:25.23,27.2 1 1
github.com/the-financial-workspace/backend/internal/handlers/ws.go:32.39,33.34 1 0
github.com/the-financial-workspace/backend/internal/handlers/ws.go:33.34,34.38 1 0
github.com/the-financial-workspace/backend/internal/handlers/ws.go:34.38,36.4 1 0
github.com/the-financial-workspace/backend/internal/handlers/ws.go:37.3,37.34 1 0
github.com/the-financial-workspace/backend/internal/handlers/ws.go:44.39,45.47 1 0
github.com/the-financial-workspace/backend/internal/handlers/ws.go:45.47,51.17 3 0
github.com/the-financial-workspace/backend/internal/handlers/ws.go:51.17,55.4 3 0
github.com/the-financial-workspace/backend/internal/handlers/ws.go:57.3,61.104 2 0
github.com/the-financial-workspace/backend/internal/handlers/ws.go:61.104,65.4 3 0
github.com/the-financial-workspace/backend/internal/handlers/ws.go:68.3,69.17 2 0
github.com/the-financial-workspace/backend/internal/handlers/ws.go:69.17,73.4 3 0
github.com/the-financial-workspace/backend/internal/handlers/ws.go:77.3,89.44 6 0
github.com/the-financial-workspace/backend/internal/handlers/ws.go:89.44,91.4 1 0
github.com/the-financial-workspace/backend/internal/handlers/ws.go:94.3,95.13 2 0
github.com/the-financial-workspace/backend/internal/handlers/ws.go:95.13,98.8 3 0
github.com/the-financial-workspace/backend/internal/handlers/ws.go:98.8,99.12 1 0
github.com/the-financial-workspace/backend/internal/handlers/ws.go:100.21,101.47 1 0
github.com/the-financial-workspace/backend/internal/handlers/ws.go:101.47,103.7 1 0
github.com/the-financial-workspace/backend/internal/handlers/ws.go:104.17,105.12 1 0
github.com/the-financial-workspace/backend/internal/handlers/ws.go:112.3,112.7 1 0
github.com/the-financial-workspace/backend/internal/handlers/ws.go:112.7,114.18 2 0
github.com/the-financial-workspace/backend/internal/handlers/ws.go:114.18,115.10 1 0
github.com/the-financial-workspace/backend/internal/handlers/ws.go:119.3,119.14 1 0
github.com/the-financial-workspace/backend/internal/handlers/ws.go:124.52,127.94 2 1
github.com/the-financial-workspace/backend/internal/handlers/ws.go:127.94,128.54 1 1
github.com/the-financial-workspace/backend/internal/handlers/ws.go:128.54,130.4 1 1
github.com/the-financial-workspace/backend/internal/handlers/ws.go:131.3,131.37 1 1
github.com/the-financial-workspace/backend/internal/handlers/ws.go:134.2,134.32 1 1
github.com/the-financial-workspace/backend/internal/handlers/ws.go:134.32,136.3 1 1
github.com/the-financial-workspace/backend/internal/handlers/ws.go:138.2,139.18 2 1
github.com/the-financial-workspace/backend/internal/handlers/ws.go:139.18,141.3 1 1
github.com/the-financial-workspace/backend/internal/handlers/ws.go:143.2,143.20 1 1
github.com/the-financial-workspace/backend/internal/ws/hub.go:41.35,41.66 1 1
github.com/the-financial-workspace/backend/internal/ws/hub.go:44.31,44.58 1 1
github.com/the-financial-workspace/backend/internal/ws/hub.go:55.49,59.2 3 1
github.com/the-financial-workspace/backend/internal/ws/hub.go:62.36,66.2 3 1
github.com/the-financial-workspace/backend/internal/ws/hub.go:93.20,100.2 1 1
github.com/the-financial-workspace/backend/internal/ws/hub.go:103.21,104.6 1 1
github.com/the-financial-workspace/backend/internal/ws/hub.go:104.6,105.10 1 1
github.com/the-financial-workspace/backend/internal/ws/hub.go:106.31,110.64 4 1
github.com/the-financial-workspace/backend/internal/ws/hub.go:112.33,114.38 2 1
github.com/the-financial-workspace/backend/internal/ws/hub.go:114.38,117.5 2 1
github.com/the-financial-workspace/backend/internal/ws/hub.go:118.4,119.66 2 1
github.com/the-financial-workspace/backend/internal/ws/hub.go:121.29,124.18 3 1
github.com/the-financial-workspace/backend/internal/ws/hub.go:124.18,126.13 2 0
github.com/the-financial-workspace/backend/internal/ws/hub.go:128.4,128.34 1 1
github.com/the-financial-workspace/backend/internal/ws/hub.go:128.34,130.40 1 1
github.com/the-financial-workspace/backend/internal/ws/hub.go:130.40,131.14 1 1
github.com/the-financial-workspace/backend/internal/ws/hub.go:133.5,133.12 1 1
github.com/the-financial-workspace/backend/internal/ws/hub.go:133.12,136.82 3 1
github.com/the-financial-workspace/backend/internal/ws/hub.go:136.82,138.7 1 0
github.com/the-financial-workspace/backend/internal/ws/hub.go:141.4,141.18 1 1
github.com/the-financial-workspace/backend/internal/ws/hub.go:147.35,149.2 1 1
github.com/the-financial-workspace/backend/internal/ws/hub.go:152.37,154.2 1 1
github.com/the-financial-workspace/backend/internal/ws/hub.go:158.63,161.2 2 1
github.com/the-financial-workspace/backend/internal/ws/hub.go:165.66,168.29 3 1
github.com/the-financial-workspace/backend/internal/ws/hub.go:168.29,170.3 1 1
github.com/the-financial-workspace/backend/internal/ws/hub.go:171.2,171.35 1 1
github.com/the-financial-workspace/backend/internal/ws/hub.go:176.33,180.2 3 1
